This file contains any messages produced by compilers while
running configure, to aid debugging if configure makes a mistake.

It was created by configure, which was
generated by GNU Autoconf 2.61.  Invocation command line was

  $ ./configure --enable-maintainer-mode

## --------- ##
## Platform. ##
## --------- ##

hostname = big
uname -m = i686
uname -r = 2.6.18.2
uname -s = Linux
uname -v = #7 PREEMPT Wed Jan 17 21:29:20 CET 2007

/usr/bin/uname -p = unknown
/bin/uname -X     = unknown

/bin/arch              = i686
/usr/bin/arch -k       = unknown
/usr/convex/getsysinfo = unknown
/usr/bin/hostinfo      = unknown
/bin/machine           = unknown
/usr/bin/oslevel       = unknown
/bin/universe          = unknown

PATH: /usr/local/bin
PATH: /usr/bin
PATH: /bin
PATH: /usr/bin/X11
PATH: /usr/games


## ----------- ##
## Core tests. ##
## ----------- ##

configure:1790: checking for a BSD-compatible install
configure:1846: result: /usr/bin/install -c
configure:1857: checking whether build environment is sane
configure:1900: result: yes
configure:1965: checking for gawk
configure:1981: found /usr/bin/gawk
configure:1992: result: gawk
configure:2003: checking whether make sets $(MAKE)
configure:2024: result: yes
configure:2210: checking whether to enable maintainer-specific portions of Makefiles
configure:2219: result: yes
configure:2249: checking for style of include used by make
configure:2277: result: GNU
configure:2350: checking for gcc
configure:2366: found /usr/bin/gcc
configure:2377: result: gcc
configure:2615: checking for C compiler version
configure:2622: gcc --version >&5
gcc (GCC) 4.1.2 20061028 (prerelease) (Debian 4.1.1-19)
Copyright (C) 2006 Free Software Foundation, Inc.
This is free software; see the source for copying conditions.  There is NO
warranty; not even for MERCHANTABILITY or FITNESS FOR A PARTICULAR PURPOSE.

configure:2625: $? = 0
configure:2632: gcc -v >&5
Using built-in specs.
Target: i486-linux-gnu
Configured with: ../src/configure -v --enable-languages=c,c++,fortran,objc,obj-c++,treelang --prefix=/usr --enable-shared --with-system-zlib --libexecdir=/usr/lib --without-included-gettext --enable-threads=posix --enable-nls --program-suffix=-4.1 --enable-__cxa_atexit --enable-clocale=gnu --enable-libstdcxx-debug --enable-mpfr --with-tune=i686 --enable-checking=release i486-linux-gnu
Thread model: posix
gcc version 4.1.2 20061028 (prerelease) (Debian 4.1.1-19)
configure:2635: $? = 0
configure:2642: gcc -V >&5
gcc: '-V' option must have argument
configure:2645: $? = 1
configure:2668: checking for C compiler default output file name
configure:2695: gcc    conftest.c -lavrupdate -lusb  >&5
configure:2698: $? = 0
configure:2736: result: a.out
configure:2753: checking whether the C compiler works
configure:2763: ./a.out
configure:2766: $? = 0
configure:2783: result: yes
configure:2790: checking whether we are cross compiling
configure:2792: result: no
configure:2795: checking for suffix of executables
configure:2802: gcc -o conftest    conftest.c -lavrupdate -lusb  >&5
configure:2805: $? = 0
configure:2829: result: 
configure:2835: checking for suffix of object files
configure:2861: gcc -c   conftest.c >&5
configure:2864: $? = 0
configure:2887: result: o
configure:2891: checking whether we are using the GNU C compiler
configure:2920: gcc -c   conftest.c >&5
configure:2926: $? = 0
configure:2943: result: yes
configure:2948: checking whether gcc accepts -g
configure:2978: gcc -c -g  conftest.c >&5
configure:2984: $? = 0
configure:3083: result: yes
configure:3100: checking for gcc option to accept ISO C89
configure:3174: gcc  -c -g -O2  conftest.c >&5
configure:3180: $? = 0
configure:3203: result: none needed
configure:3223: checking dependency style of gcc
configure:3313: result: gcc3
configure:3331: checking for library containing strerror
configure:3372: gcc -o conftest -g -O2   conftest.c -lavrupdate -lusb  >&5
configure:3378: $? = 0
configure:3406: result: none required
configure:3462: checking for gcc
configure:3489: result: gcc
configure:3727: checking for C compiler version
configure:3734: gcc --version >&5
gcc (GCC) 4.1.2 20061028 (prerelease) (Debian 4.1.1-19)
Copyright (C) 2006 Free Software Foundation, Inc.
This is free software; see the source for copying conditions.  There is NO
warranty; not even for MERCHANTABILITY or FITNESS FOR A PARTICULAR PURPOSE.

configure:3737: $? = 0
configure:3744: gcc -v >&5
Using built-in specs.
Target: i486-linux-gnu
Configured with: ../src/configure -v --enable-languages=c,c++,fortran,objc,obj-c++,treelang --prefix=/usr --enable-shared --with-system-zlib --libexecdir=/usr/lib --without-included-gettext --enable-threads=posix --enable-nls --program-suffix=-4.1 --enable-__cxa_atexit --enable-clocale=gnu --enable-libstdcxx-debug --enable-mpfr --with-tune=i686 --enable-checking=release i486-linux-gnu
Thread model: posix
gcc version 4.1.2 20061028 (prerelease) (Debian 4.1.1-19)
configure:3747: $? = 0
configure:3754: gcc -V >&5
gcc: '-V' option must have argument
configure:3757: $? = 1
configure:3760: checking whether we are using the GNU C compiler
configure:3812: result: yes
configure:3817: checking whether gcc accepts -g
configure:3952: result: yes
configure:3969: checking for gcc option to accept ISO C89
configure:4072: result: none needed
configure:4092: checking dependency style of gcc
configure:4182: result: gcc3
configure:4247: checking for gcc
configure:4274: result: gcc
configure:4512: checking for C compiler version
configure:4519: gcc --version >&5
gcc (GCC) 4.1.2 20061028 (prerelease) (Debian 4.1.1-19)
Copyright (C) 2006 Free Software Foundation, Inc.
This is free software; see the source for copying conditions.  There is NO
warranty; not even for MERCHANTABILITY or FITNESS FOR A PARTICULAR PURPOSE.

configure:4522: $? = 0
configure:4529: gcc -v >&5
Using built-in specs.
Target: i486-linux-gnu
Configured with: ../src/configure -v --enable-languages=c,c++,fortran,objc,obj-c++,treelang --prefix=/usr --enable-shared --with-system-zlib --libexecdir=/usr/lib --without-included-gettext --enable-threads=posix --enable-nls --program-suffix=-4.1 --enable-__cxa_atexit --enable-clocale=gnu --enable-libstdcxx-debug --enable-mpfr --with-tune=i686 --enable-checking=release i486-linux-gnu
Thread model: posix
gcc version 4.1.2 20061028 (prerelease) (Debian 4.1.1-19)
configure:4532: $? = 0
configure:4539: gcc -V >&5
gcc: '-V' option must have argument
configure:4542: $? = 1
configure:4545: checking whether we are using the GNU C compiler
configure:4597: result: yes
configure:4602: checking whether gcc accepts -g
configure:4737: result: yes
configure:4754: checking for gcc option to accept ISO C89
configure:4857: result: none needed
configure:4877: checking dependency style of gcc
configure:4967: result: gcc3
configure:4992: checking how to run the C preprocessor
configure:5032: gcc -E  conftest.c
configure:5038: $? = 0
configure:5069: gcc -E  conftest.c
conftest.c:10:28: error: ac_nonexistent.h: No such file or directory
configure:5075: $? = 1
configure: failed program was:
| /* confdefs.h.  */
| #define PACKAGE_NAME ""
| #define PACKAGE_TARNAME ""
| #define PACKAGE_VERSION ""
| #define PACKAGE_STRING ""
| #define PACKAGE_BUGREPORT ""
| #define PACKAGE "avrupdate-gui"
| #define VERSION "0.1"
| /* end confdefs.h.  */
| #include <ac_nonexistent.h>
configure:5108: result: gcc -E
configure:5137: gcc -E  conftest.c
configure:5143: $? = 0
configure:5174: gcc -E  conftest.c
conftest.c:10:28: error: ac_nonexistent.h: No such file or directory
configure:5180: $? = 1
configure: failed program was:
| /* confdefs.h.  */
| #define PACKAGE_NAME ""
| #define PACKAGE_TARNAME ""
| #define PACKAGE_VERSION ""
| #define PACKAGE_STRING ""
| #define PACKAGE_BUGREPORT ""
| #define PACKAGE "avrupdate-gui"
| #define VERSION "0.1"
| /* end confdefs.h.  */
| #include <ac_nonexistent.h>
configure:5218: checking for grep that handles long lines and -e
configure:5292: result: /bin/grep
configure:5297: checking for egrep
configure:5375: result: /bin/grep -E
configure:5380: checking for ANSI C header files
configure:5410: gcc -c -g -O2  conftest.c >&5
configure:5416: $? = 0
configure:5515: gcc -o conftest -g -O2   conftest.c -lavrupdate -lusb  >&5
configure:5518: $? = 0
configure:5524: ./conftest
configure:5527: $? = 0
configure:5544: result: yes
configure:5605: checking for pkg-config
configure:5623: found /usr/bin/pkg-config
configure:5635: result: /usr/bin/pkg-config
configure:5664: checking pkg-config is at least version 0.9.0
configure:5667: result: yes
configure:5678: checking for PACKAGE
configure:5686: $PKG_CONFIG --exists --print-errors "$pkg_modules"
configure:5689: $? = 0
configure:5704: $PKG_CONFIG --exists --print-errors "$pkg_modules"
configure:5707: $? = 0
configure:5783: result: yes
configure:5813: checking for sys/types.h
configure:5834: gcc -c -g -O2  conftest.c >&5
configure:5840: $? = 0
configure:5856: result: yes
configure:5813: checking for sys/stat.h
configure:5834: gcc -c -g -O2  conftest.c >&5
configure:5840: $? = 0
configure:5856: result: yes
configure:5813: checking for stdlib.h
configure:5834: gcc -c -g -O2  conftest.c >&5
configure:5840: $? = 0
configure:5856: result: yes
configure:5813: checking for string.h
configure:5834: gcc -c -g -O2  conftest.c >&5
configure:5840: $? = 0
configure:5856: result: yes
configure:5813: checking for memory.h
configure:5834: gcc -c -g -O2  conftest.c >&5
configure:5840: $? = 0
configure:5856: result: yes
configure:5813: checking for strings.h
configure:5834: gcc -c -g -O2  conftest.c >&5
configure:5840: $? = 0
configure:5856: result: yes
configure:5813: checking for inttypes.h
configure:5834: gcc -c -g -O2  conftest.c >&5
configure:5840: $? = 0
configure:5856: result: yes
configure:5813: checking for stdint.h
configure:5834: gcc -c -g -O2  conftest.c >&5
configure:5840: $? = 0
configure:5856: result: yes
configure:5813: checking for unistd.h
configure:5834: gcc -c -g -O2  conftest.c >&5
configure:5840: $? = 0
configure:5856: result: yes
configure:5884: checking locale.h usability
configure:5901: gcc -c -g -O2  conftest.c >&5
configure:5907: $? = 0
configure:5921: result: yes
configure:5925: checking locale.h presence
configure:5940: gcc -E  conftest.c
configure:5946: $? = 0
configure:5960: result: yes
configure:5988: checking for locale.h
configure:5996: result: yes
configure:6010: checking for LC_MESSAGES
configure:6036: gcc -o conftest -g -O2   conftest.c -lavrupdate -lusb  >&5
configure:6042: $? = 0
configure:6059: result: yes
configure:6088: checking libintl.h usability
configure:6105: gcc -c -g -O2  conftest.c >&5
configure:6111: $? = 0
configure:6125: result: yes
configure:6129: checking libintl.h presence
configure:6144: gcc -E  conftest.c
configure:6150: $? = 0
configure:6164: result: yes
configure:6192: checking for libintl.h
configure:6199: result: yes
configure:6210: checking for ngettext in libc
configure:6238: gcc -o conftest -g -O2   conftest.c -lavrupdate -lusb  >&5
configure:6244: $? = 0
configure:6262: result: yes
configure:6266: checking for dgettext in libc
configure:6294: gcc -o conftest -g -O2   conftest.c -lavrupdate -lusb  >&5
configure:6300: $? = 0
configure:6318: result: yes
configure:6327: checking for bind_textdomain_codeset
configure:6383: gcc -o conftest -g -O2   conftest.c -lavrupdate -lusb  >&5
configure:6389: $? = 0
configure:6407: result: yes
configure:6894: checking for msgfmt
configure:6924: result: no
configure:7493: creating ./config.status

## ---------------------- ##
## Running config.status. ##
## ---------------------- ##

This file was extended by config.status, which was
generated by GNU Autoconf 2.61.  Invocation command line was

  CONFIG_FILES    = 
  CONFIG_HEADERS  = 
  CONFIG_LINKS    = 
  CONFIG_COMMANDS = 
  $ ./config.status 

on big

config.status:662: creating Makefile
config.status:662: creating src/Makefile
config.status:662: creating po/Makefile.in
config.status:797: WARNING:  po/Makefile.in.in seems to ignore the --datarootdir setting
config.status:662: creating config.h
config.status:887: config.h is unchanged
config.status:933: executing depfiles commands
config.status:933: executing default-1 commands

## ---------------- ##
## Cache variables. ##
## ---------------- ##

ac_cv_c_compiler_gnu=yes
ac_cv_env_CC_set=
ac_cv_env_CC_value=
ac_cv_env_CFLAGS_set=
ac_cv_env_CFLAGS_value=
ac_cv_env_CPPFLAGS_set=
ac_cv_env_CPPFLAGS_value=
ac_cv_env_CPP_set=
ac_cv_env_CPP_value=
ac_cv_env_LDFLAGS_set=
ac_cv_env_LDFLAGS_value=
ac_cv_env_LIBS_set=
ac_cv_env_LIBS_value=
ac_cv_env_PACKAGE_CFLAGS_set=
ac_cv_env_PACKAGE_CFLAGS_value=
ac_cv_env_PACKAGE_LIBS_set=
ac_cv_env_PACKAGE_LIBS_value=
ac_cv_env_PKG_CONFIG_set=
ac_cv_env_PKG_CONFIG_value=
ac_cv_env_build_alias_set=
ac_cv_env_build_alias_value=
ac_cv_env_host_alias_set=
ac_cv_env_host_alias_value=
ac_cv_env_target_alias_set=
ac_cv_env_target_alias_value=
ac_cv_func_bind_textdomain_codeset=yes
ac_cv_header_inttypes_h=yes
ac_cv_header_libintl_h=yes
ac_cv_header_locale_h=yes
ac_cv_header_memory_h=yes
ac_cv_header_stdc=yes
ac_cv_header_stdint_h=yes
ac_cv_header_stdlib_h=yes
ac_cv_header_string_h=yes
ac_cv_header_strings_h=yes
ac_cv_header_sys_stat_h=yes
ac_cv_header_sys_types_h=yes
ac_cv_header_unistd_h=yes
ac_cv_objext=o
ac_cv_path_EGREP='/bin/grep -E'
ac_cv_path_GREP=/bin/grep
ac_cv_path_MSGFMT=no
ac_cv_path_ac_pt_PKG_CONFIG=/usr/bin/pkg-config
ac_cv_path_install='/usr/bin/install -c'
ac_cv_prog_AWK=gawk
ac_cv_prog_CPP='gcc -E'
ac_cv_prog_ac_ct_CC=gcc
ac_cv_prog_cc_c89=
ac_cv_prog_cc_g=yes
ac_cv_prog_make_make_set=yes
ac_cv_search_strerror='none required'
am_cv_CC_dependencies_compiler_type=gcc3
am_cv_prog_cc_stdc=
am_cv_val_LC_MESSAGES=yes
gt_cv_func_dgettext_libc=yes
gt_cv_func_dgettext_libintl=no
gt_cv_func_ngettext_libc=yes
gt_cv_have_gettext=no
pkg_cv_PACKAGE_CFLAGS='-I/usr/include/gtk-2.0 -I/usr/lib/gtk-2.0/include -I/usr/include/atk-1.0 -I/usr/include/cairo -I/usr/include/pango-1.0 -I/usr/include/glib-2.0 -I/usr/lib/glib-2.0/include -I/usr/include/freetype2 -I/usr/include/libpng12  '
pkg_cv_PACKAGE_LIBS='-lgtk-x11-2.0 -lgdk-x11-2.0 -latk-1.0 -lgdk_pixbuf-2.0 -lm -lpangocairo-1.0 -lfontconfig -lXext -lXrender -lXinerama -lXi -lXrandr -lXcursor -lXfixes -lpango-1.0 -lcairo -lX11 -lgobject-2.0 -lgmodule-2.0 -ldl -lglib-2.0  '

## ----------------- ##
## Output variables. ##
## ----------------- ##

ACLOCAL='${SHELL} /home/bene/projects/usbprog/trunk/usbprog_online/missing --run aclocal-1.9'
AMDEPBACKSLASH='\'
AMDEP_FALSE='#'
AMDEP_TRUE=''
AMTAR='${SHELL} /home/bene/projects/usbprog/trunk/usbprog_online/missing --run tar'
AUTOCONF='${SHELL} /home/bene/projects/usbprog/trunk/usbprog_online/missing --run autoconf'
AUTOHEADER='${SHELL} /home/bene/projects/usbprog/trunk/usbprog_online/missing --run autoheader'
AUTOMAKE='${SHELL} /home/bene/projects/usbprog/trunk/usbprog_online/missing --run automake-1.9'
AWK='gawk'
CATALOGS=''
CATOBJEXT='NONE'
CC='gcc'
CCDEPMODE='depmode=gcc3'
CFLAGS='-g -O2'
CPP='gcc -E'
CPPFLAGS=''
CYGPATH_W='echo'
DATADIRNAME=''
DEFS='-DHAVE_CONFIG_H'
DEPDIR='.deps'
ECHO_C=''
ECHO_N='-n'
ECHO_T=''
EGREP='/bin/grep -E'
EXEEXT=''
GETTEXT_PACKAGE='avrupdate-gui'
GMOFILES=''
GMSGFMT=''
GREP='/bin/grep'
INSTALL_DATA='${INSTALL} -m 644'
INSTALL_PROGRAM='${INSTALL}'
INSTALL_SCRIPT='${INSTALL}'
INSTALL_STRIP_PROGRAM='${SHELL} $(install_sh) -c -s'
INSTOBJEXT=''
INTLLIBS=''
LDFLAGS=''
LIBOBJS=''
LIBS='-lavrupdate -lusb '
LTLIBOBJS=''
MAINT=''
MAINTAINER_MODE_FALSE='#'
MAINTAINER_MODE_TRUE=''
MAKEINFO='${SHELL} /home/bene/projects/usbprog/trunk/usbprog_online/missing --run makeinfo'
MKINSTALLDIRS='./mkinstalldirs'
MSGFMT='no'
OBJEXT='o'
PACKAGE='avrupdate-gui'
PACKAGE_BUGREPORT=''
PACKAGE_CFLAGS='-I/usr/include/gtk-2.0 -I/usr/lib/gtk-2.0/include -I/usr/include/atk-1.0 -I/usr/include/cairo -I/usr/include/pango-1.0 -I/usr/include/glib-2.0 -I/usr/lib/glib-2.0/include -I/usr/include/freetype2 -I/usr/include/libpng12  '
PACKAGE_LIBS='-lgtk-x11-2.0 -lgdk-x11-2.0 -latk-1.0 -lgdk_pixbuf-2.0 -lm -lpangocairo-1.0 -lfontconfig -lXext -lXrender -lXinerama -lXi -lXrandr -lXcursor -lXfixes -lpango-1.0 -lcairo -lX11 -lgobject-2.0 -lgmodule-2.0 -ldl -lglib-2.0  '
PACKAGE_NAME=''
PACKAGE_STRING=''
PACKAGE_TARNAME=''
PACKAGE_VERSION=''
PATH_SEPARATOR=':'
PKG_CONFIG='/usr/bin/pkg-config'
POFILES=''
POSUB='po'
PO_IN_DATADIR_FALSE=''
PO_IN_DATADIR_TRUE=''
SET_MAKE=''
SHELL='/bin/sh'
STRIP=''
USE_NLS='yes'
VERSION='0.1'
XGETTEXT=':'
ac_ct_CC='gcc'
am__fastdepCC_FALSE='#'
am__fastdepCC_TRUE=''
am__include='include'
am__leading_dot='.'
am__quote=''
am__tar='${AMTAR} chof - "$$tardir"'
am__untar='${AMTAR} xf -'
bindir='${exec_prefix}/bin'
build_alias=''
datadir='${datarootdir}'
datarootdir='${prefix}/share'
docdir='${datarootdir}/doc/${PACKAGE}'
dvidir='${docdir}'
exec_prefix='${prefix}'
host_alias=''
htmldir='${docdir}'
includedir='${prefix}/include'
infodir='${datarootdir}/info'
install_sh='/home/bene/projects/usbprog/trunk/usbprog_online/install-sh'
libdir='${exec_prefix}/lib'
libexecdir='${exec_prefix}/libexec'
localedir='${datarootdir}/locale'
localstatedir='${prefix}/var'
mandir='${datarootdir}/man'
mkdir_p='mkdir -p --'
oldincludedir='/usr/include'
pdfdir='${docdir}'
prefix='/usr/local'
program_transform_name='s,x,x,'
psdir='${docdir}'
sbindir='${exec_prefix}/sbin'
sharedstatedir='${prefix}/com'
sysconfdir='${prefix}/etc'
target_alias=''

## ----------- ##
## confdefs.h. ##
## ----------- ##

#define PACKAGE_NAME ""
#define PACKAGE_TARNAME ""
#define PACKAGE_VERSION ""
#define PACKAGE_STRING ""
#define PACKAGE_BUGREPORT ""
#define PACKAGE "avrupdate-gui"
#define VERSION "0.1"
#define STDC_HEADERS 1
#define GETTEXT_PACKAGE "avrupdate-gui"
#define HAVE_SYS_TYPES_H 1
#define HAVE_SYS_STAT_H 1
#define HAVE_STDLIB_H 1
#define HAVE_STRING_H 1
#define HAVE_MEMORY_H 1
#define HAVE_STRINGS_H 1
#define HAVE_INTTYPES_H 1
#define HAVE_STDINT_H 1
#define HAVE_UNISTD_H 1
#define HAVE_LOCALE_H 1
#define HAVE_LC_MESSAGES 1
#define HAVE_BIND_TEXTDOMAIN_CODESET 1
#define HAVE_GETTEXT 1

configure: exit 0

## ---------------------- ##
## Running config.status. ##
## ---------------------- ##

This file was extended by config.status, which was
generated by GNU Autoconf 2.61.  Invocation command line was

  CONFIG_FILES    = 
  CONFIG_HEADERS  = 
  CONFIG_LINKS    = 
  CONFIG_COMMANDS = 
  $ ./config.status config.h

on big

config.status:662: creating config.h
config.status:887: config.h is unchanged
