This file contains any messages produced by compilers while
running configure, to aid debugging if configure makes a mistake.

It was created by configure, which was
generated by GNU Autoconf 2.61.  Invocation command line was

  $ ./configure 

## --------- ##
## Platform. ##
## --------- ##

hostname = big
uname -m = i686
uname -r = 2.6.18.2
uname -s = Linux
uname -v = #12 PREEMPT Wed Jul 4 09:07:38 CEST 2007

/usr/bin/uname -p = unknown
/bin/uname -X     = unknown

/bin/arch              = i686
/usr/bin/arch -k       = unknown
/usr/convex/getsysinfo = unknown
/usr/bin/hostinfo      = unknown
/bin/machine           = unknown
/usr/bin/oslevel       = unknown
/bin/universe          = unknown

PATH: /usr/local/bin
PATH: /usr/bin
PATH: /bin
PATH: /usr/bin/X11
PATH: /usr/games
PATH: /home/bene/Xilinx/bin/lin
PATH: /usr/local/AVR/bin
PATH: /usr/local/arm/bin
PATH: /usr/local/bin
PATH: /usr/bin
PATH: /bin
PATH: /usr/bin/X11
PATH: /usr/games


## ----------- ##
## Core tests. ##
## ----------- ##

configure:1798: checking for a BSD-compatible install
configure:1854: result: /usr/bin/install -c
configure:1865: checking whether build environment is sane
configure:1908: result: yes
configure:1973: checking for gawk
configure:1989: found /usr/bin/gawk
configure:2000: result: gawk
configure:2011: checking whether make sets $(MAKE)
configure:2032: result: yes
configure:2226: checking build system type
configure:2244: result: i686-pc-linux-gnu
configure:2266: checking host system type
configure:2281: result: i686-pc-linux-gnu
configure:2315: checking for style of include used by make
configure:2343: result: GNU
configure:2416: checking for gcc
configure:2432: found /usr/bin/gcc
configure:2443: result: gcc
configure:2681: checking for C compiler version
configure:2688: gcc --version >&5
gcc (GCC) 4.1.2 20061115 (prerelease) (Debian 4.1.1-21)
Copyright (C) 2006 Free Software Foundation, Inc.
This is free software; see the source for copying conditions.  There is NO
warranty; not even for MERCHANTABILITY or FITNESS FOR A PARTICULAR PURPOSE.

configure:2691: $? = 0
configure:2698: gcc -v >&5
Using built-in specs.
Target: i486-linux-gnu
Configured with: ../src/configure -v --enable-languages=c,c++,fortran,objc,obj-c++,treelang --prefix=/usr --enable-shared --with-system-zlib --libexecdir=/usr/lib --without-included-gettext --enable-threads=posix --enable-nls --program-suffix=-4.1 --enable-__cxa_atexit --enable-clocale=gnu --enable-libstdcxx-debug --enable-mpfr --with-tune=i686 --enable-checking=release i486-linux-gnu
Thread model: posix
gcc version 4.1.2 20061115 (prerelease) (Debian 4.1.1-21)
configure:2701: $? = 0
configure:2708: gcc -V >&5
gcc: '-V' option must have argument
configure:2711: $? = 1
configure:2734: checking for C compiler default output file name
configure:2761: gcc    conftest.c  >&5
configure:2764: $? = 0
configure:2802: result: a.out
configure:2819: checking whether the C compiler works
configure:2829: ./a.out
configure:2832: $? = 0
configure:2849: result: yes
configure:2856: checking whether we are cross compiling
configure:2858: result: no
configure:2861: checking for suffix of executables
configure:2868: gcc -o conftest    conftest.c  >&5
configure:2871: $? = 0
configure:2895: result: 
configure:2901: checking for suffix of object files
configure:2927: gcc -c   conftest.c >&5
configure:2930: $? = 0
configure:2953: result: o
configure:2957: checking whether we are using the GNU C compiler
configure:2986: gcc -c   conftest.c >&5
configure:2992: $? = 0
configure:3009: result: yes
configure:3014: checking whether gcc accepts -g
configure:3044: gcc -c -g  conftest.c >&5
configure:3050: $? = 0
configure:3149: result: yes
configure:3166: checking for gcc option to accept ISO C89
configure:3240: gcc  -c -g -O2  conftest.c >&5
configure:3246: $? = 0
configure:3269: result: none needed
configure:3289: checking dependency style of gcc
configure:3379: result: gcc3
configure:3397: checking whether gcc and cc understand -c and -o together
configure:3432: gcc -c conftest.c -o conftest2.o >&5
configure:3435: $? = 0
configure:3441: gcc -c conftest.c -o conftest2.o >&5
configure:3444: $? = 0
configure:3455: cc -c conftest.c >&5
configure:3458: $? = 0
configure:3466: cc -c conftest.c -o conftest2.o >&5
configure:3469: $? = 0
configure:3475: cc -c conftest.c -o conftest2.o >&5
configure:3478: $? = 0
configure:3496: result: yes
configure:3526: checking how to run the C preprocessor
configure:3566: gcc -E  conftest.c
configure:3572: $? = 0
configure:3603: gcc -E  conftest.c
conftest.c:10:28: error: ac_nonexistent.h: No such file or directory
configure:3609: $? = 1
configure: failed program was:
| /* confdefs.h.  */
| #define PACKAGE_NAME ""
| #define PACKAGE_TARNAME ""
| #define PACKAGE_VERSION ""
| #define PACKAGE_STRING ""
| #define PACKAGE_BUGREPORT ""
| #define PACKAGE "odyssey"
| #define VERSION "0.5"
| /* end confdefs.h.  */
| #include <ac_nonexistent.h>
configure:3642: result: gcc -E
configure:3671: gcc -E  conftest.c
configure:3677: $? = 0
configure:3708: gcc -E  conftest.c
conftest.c:10:28: error: ac_nonexistent.h: No such file or directory
configure:3714: $? = 1
configure: failed program was:
| /* confdefs.h.  */
| #define PACKAGE_NAME ""
| #define PACKAGE_TARNAME ""
| #define PACKAGE_VERSION ""
| #define PACKAGE_STRING ""
| #define PACKAGE_BUGREPORT ""
| #define PACKAGE "odyssey"
| #define VERSION "0.5"
| /* end confdefs.h.  */
| #include <ac_nonexistent.h>
configure:3809: checking for g++
configure:3825: found /usr/bin/g++
configure:3836: result: g++
configure:3867: checking for C++ compiler version
configure:3874: g++ --version >&5
g++ (GCC) 4.1.2 20061115 (prerelease) (Debian 4.1.1-21)
Copyright (C) 2006 Free Software Foundation, Inc.
This is free software; see the source for copying conditions.  There is NO
warranty; not even for MERCHANTABILITY or FITNESS FOR A PARTICULAR PURPOSE.

configure:3877: $? = 0
configure:3884: g++ -v >&5
Using built-in specs.
Target: i486-linux-gnu
Configured with: ../src/configure -v --enable-languages=c,c++,fortran,objc,obj-c++,treelang --prefix=/usr --enable-shared --with-system-zlib --libexecdir=/usr/lib --without-included-gettext --enable-threads=posix --enable-nls --program-suffix=-4.1 --enable-__cxa_atexit --enable-clocale=gnu --enable-libstdcxx-debug --enable-mpfr --with-tune=i686 --enable-checking=release i486-linux-gnu
Thread model: posix
gcc version 4.1.2 20061115 (prerelease) (Debian 4.1.1-21)
configure:3887: $? = 0
configure:3894: g++ -V >&5
g++: '-V' option must have argument
configure:3897: $? = 1
configure:3900: checking whether we are using the GNU C++ compiler
configure:3929: g++ -c   conftest.cpp >&5
configure:3935: $? = 0
configure:3952: result: yes
configure:3957: checking whether g++ accepts -g
configure:3987: g++ -c -g  conftest.cpp >&5
configure:3993: $? = 0
configure:4092: result: yes
configure:4117: checking dependency style of g++
configure:4207: result: gcc3
configure:4229: checking how to run the C++ preprocessor
configure:4265: g++ -E  conftest.cpp
configure:4271: $? = 0
configure:4302: g++ -E  conftest.cpp
conftest.cpp:10:28: error: ac_nonexistent.h: No such file or directory
configure:4308: $? = 1
configure: failed program was:
| /* confdefs.h.  */
| #define PACKAGE_NAME ""
| #define PACKAGE_TARNAME ""
| #define PACKAGE_VERSION ""
| #define PACKAGE_STRING ""
| #define PACKAGE_BUGREPORT ""
| #define PACKAGE "odyssey"
| #define VERSION "0.5"
| /* end confdefs.h.  */
| #include <ac_nonexistent.h>
configure:4341: result: g++ -E
configure:4370: g++ -E  conftest.cpp
configure:4376: $? = 0
configure:4407: g++ -E  conftest.cpp
conftest.cpp:10:28: error: ac_nonexistent.h: No such file or directory
configure:4413: $? = 1
configure: failed program was:
| /* confdefs.h.  */
| #define PACKAGE_NAME ""
| #define PACKAGE_TARNAME ""
| #define PACKAGE_VERSION ""
| #define PACKAGE_STRING ""
| #define PACKAGE_BUGREPORT ""
| #define PACKAGE "odyssey"
| #define VERSION "0.5"
| /* end confdefs.h.  */
| #include <ac_nonexistent.h>
configure:4493: checking for ranlib
configure:4509: found /usr/bin/ranlib
configure:4520: result: ranlib
configure:4547: checking for library containing strerror
configure:4588: gcc -o conftest -g -O2   conftest.c  >&5
configure:4594: $? = 0
configure:4622: result: none required
configure:4643: checking for a BSD-compatible install
configure:4699: result: /usr/bin/install -c
configure:4710: checking whether ln -s works
configure:4714: result: yes
configure:4721: checking whether make sets $(MAKE)
configure:4742: result: yes
configure:4755: checking for grep that handles long lines and -e
configure:4829: result: /bin/grep
configure:4834: checking for egrep
configure:4912: result: /bin/grep -E
configure:4917: checking for ANSI C header files
configure:4947: gcc -c -g -O2  conftest.c >&5
configure:4953: $? = 0
configure:5052: gcc -o conftest -g -O2   conftest.c  >&5
configure:5055: $? = 0
configure:5061: ./conftest
configure:5064: $? = 0
configure:5081: result: yes
configure:5105: checking for sys/types.h
configure:5126: gcc -c -g -O2  conftest.c >&5
configure:5132: $? = 0
configure:5148: result: yes
configure:5105: checking for sys/stat.h
configure:5126: gcc -c -g -O2  conftest.c >&5
configure:5132: $? = 0
configure:5148: result: yes
configure:5105: checking for stdlib.h
configure:5126: gcc -c -g -O2  conftest.c >&5
configure:5132: $? = 0
configure:5148: result: yes
configure:5105: checking for string.h
configure:5126: gcc -c -g -O2  conftest.c >&5
configure:5132: $? = 0
configure:5148: result: yes
configure:5105: checking for memory.h
configure:5126: gcc -c -g -O2  conftest.c >&5
configure:5132: $? = 0
configure:5148: result: yes
configure:5105: checking for strings.h
configure:5126: gcc -c -g -O2  conftest.c >&5
configure:5132: $? = 0
configure:5148: result: yes
configure:5105: checking for inttypes.h
configure:5126: gcc -c -g -O2  conftest.c >&5
configure:5132: $? = 0
configure:5148: result: yes
configure:5105: checking for stdint.h
configure:5126: gcc -c -g -O2  conftest.c >&5
configure:5132: $? = 0
configure:5148: result: yes
configure:5105: checking for unistd.h
configure:5126: gcc -c -g -O2  conftest.c >&5
configure:5132: $? = 0
configure:5148: result: yes
configure:5182: checking stdio.h usability
configure:5199: gcc -c -g -O2  conftest.c >&5
configure:5205: $? = 0
configure:5219: result: yes
configure:5223: checking stdio.h presence
configure:5238: gcc -E  conftest.c
configure:5244: $? = 0
configure:5258: result: yes
configure:5286: checking for stdio.h
configure:5294: result: yes
configure:5182: checking errno.h usability
configure:5199: gcc -c -g -O2  conftest.c >&5
configure:5205: $? = 0
configure:5219: result: yes
configure:5223: checking errno.h presence
configure:5238: gcc -E  conftest.c
configure:5244: $? = 0
configure:5258: result: yes
configure:5286: checking for errno.h
configure:5294: result: yes
configure:5182: checking signal.h usability
configure:5199: gcc -c -g -O2  conftest.c >&5
configure:5205: $? = 0
configure:5219: result: yes
configure:5223: checking signal.h presence
configure:5238: gcc -E  conftest.c
configure:5244: $? = 0
configure:5258: result: yes
configure:5286: checking for signal.h
configure:5294: result: yes
configure:5182: checking fcntl.h usability
configure:5199: gcc -c -g -O2  conftest.c >&5
configure:5205: $? = 0
configure:5219: result: yes
configure:5223: checking fcntl.h presence
configure:5238: gcc -E  conftest.c
configure:5244: $? = 0
configure:5258: result: yes
configure:5286: checking for fcntl.h
configure:5294: result: yes
configure:5182: checking sys/select.h usability
configure:5199: gcc -c -g -O2  conftest.c >&5
configure:5205: $? = 0
configure:5219: result: yes
configure:5223: checking sys/select.h presence
configure:5238: gcc -E  conftest.c
configure:5244: $? = 0
configure:5258: result: yes
configure:5286: checking for sys/select.h
configure:5294: result: yes
configure:5182: checking sys/ioctl.h usability
configure:5199: gcc -c -g -O2  conftest.c >&5
configure:5205: $? = 0
configure:5219: result: yes
configure:5223: checking sys/ioctl.h presence
configure:5238: gcc -E  conftest.c
configure:5244: $? = 0
configure:5258: result: yes
configure:5286: checking for sys/ioctl.h
configure:5294: result: yes
configure:5182: checking sys/time.h usability
configure:5199: gcc -c -g -O2  conftest.c >&5
configure:5205: $? = 0
configure:5219: result: yes
configure:5223: checking sys/time.h presence
configure:5238: gcc -E  conftest.c
configure:5244: $? = 0
configure:5258: result: yes
configure:5286: checking for sys/time.h
configure:5294: result: yes
configure:5341: checking new usability
configure:5358: g++ -c -g -O2  conftest.cpp >&5
configure:5364: $? = 0
configure:5378: result: yes
configure:5382: checking new presence
configure:5397: g++ -E  conftest.cpp
configure:5403: $? = 0
configure:5417: result: yes
configure:5445: checking for new
configure:5453: result: yes
configure:5341: checking exception usability
configure:5358: g++ -c -g -O2  conftest.cpp >&5
configure:5364: $? = 0
configure:5378: result: yes
configure:5382: checking exception presence
configure:5397: g++ -E  conftest.cpp
configure:5403: $? = 0
configure:5417: result: yes
configure:5445: checking for exception
configure:5453: result: yes
configure:5341: checking stdexcept usability
configure:5358: g++ -c -g -O2  conftest.cpp >&5
configure:5364: $? = 0
configure:5378: result: yes
configure:5382: checking stdexcept presence
configure:5397: g++ -E  conftest.cpp
configure:5403: $? = 0
configure:5417: result: yes
configure:5445: checking for stdexcept
configure:5453: result: yes
configure:5341: checking iterator usability
configure:5358: g++ -c -g -O2  conftest.cpp >&5
configure:5364: $? = 0
configure:5378: result: yes
configure:5382: checking iterator presence
configure:5397: g++ -E  conftest.cpp
configure:5403: $? = 0
configure:5417: result: yes
configure:5445: checking for iterator
configure:5453: result: yes
configure:5341: checking string usability
configure:5358: g++ -c -g -O2  conftest.cpp >&5
configure:5364: $? = 0
configure:5378: result: yes
configure:5382: checking string presence
configure:5397: g++ -E  conftest.cpp
configure:5403: $? = 0
configure:5417: result: yes
configure:5445: checking for string
configure:5453: result: yes
configure:5341: checking map usability
configure:5358: g++ -c -g -O2  conftest.cpp >&5
configure:5364: $? = 0
configure:5378: result: yes
configure:5382: checking map presence
configure:5397: g++ -E  conftest.cpp
configure:5403: $? = 0
configure:5417: result: yes
configure:5445: checking for map
configure:5453: result: yes
configure:5341: checking vector usability
configure:5358: g++ -c -g -O2  conftest.cpp >&5
configure:5364: $? = 0
configure:5378: result: yes
configure:5382: checking vector presence
configure:5397: g++ -E  conftest.cpp
configure:5403: $? = 0
configure:5417: result: yes
configure:5445: checking for vector
configure:5453: result: yes
configure:5486: checking for select
configure:5542: gcc -o conftest -g -O2   conftest.c  >&5
configure:5548: $? = 0
configure:5566: result: yes
configure:5486: checking for snprintf
configure:5542: gcc -o conftest -g -O2   conftest.c  >&5
conftest.c:58: warning: conflicting types for built-in function 'snprintf'
configure:5548: $? = 0
configure:5566: result: yes
configure:5609: checking linux/parport.h usability
configure:5626: gcc -c -g -O2  conftest.c >&5
configure:5632: $? = 0
configure:5646: result: yes
configure:5650: checking linux/parport.h presence
configure:5665: gcc -E  conftest.c
configure:5671: $? = 0
configure:5685: result: yes
configure:5713: checking for linux/parport.h
configure:5721: result: yes
configure:5609: checking linux/ppdev.h usability
configure:5626: gcc -c -g -O2  conftest.c >&5
configure:5632: $? = 0
configure:5646: result: yes
configure:5650: checking linux/ppdev.h presence
configure:5665: gcc -E  conftest.c
configure:5671: $? = 0
configure:5685: result: yes
configure:5713: checking for linux/ppdev.h
configure:5721: result: yes
configure:5779: checking sys/io.h usability
configure:5796: gcc -c -g -O2  conftest.c >&5
configure:5802: $? = 0
configure:5816: result: yes
configure:5820: checking sys/io.h presence
configure:5835: gcc -E  conftest.c
configure:5841: $? = 0
configure:5855: result: yes
configure:5883: checking for sys/io.h
configure:5891: result: yes
configure:6062: creating ./config.status

## ---------------------- ##
## Running config.status. ##
## ---------------------- ##

This file was extended by config.status, which was
generated by GNU Autoconf 2.61.  Invocation command line was

  CONFIG_FILES    = 
  CONFIG_HEADERS  = 
  CONFIG_LINKS    = 
  CONFIG_COMMANDS = 
  $ ./config.status 

on big

config.status:659: creating Makefile
config.status:659: creating src/Makefile
config.status:659: creating data/Makefile
config.status:659: creating src/config.h
config.status:901: src/config.h is unchanged
config.status:947: executing depfiles commands

## ---------------- ##
## Cache variables. ##
## ---------------- ##

ac_cv_build=i686-pc-linux-gnu
ac_cv_c_compiler_gnu=yes
ac_cv_cxx_compiler_gnu=yes
ac_cv_env_CCC_set=
ac_cv_env_CCC_value=
ac_cv_env_CC_set=
ac_cv_env_CC_value=
ac_cv_env_CFLAGS_set=
ac_cv_env_CFLAGS_value=
ac_cv_env_CPPFLAGS_set=
ac_cv_env_CPPFLAGS_value=
ac_cv_env_CPP_set=
ac_cv_env_CPP_value=
ac_cv_env_CXXCPP_set=
ac_cv_env_CXXCPP_value=
ac_cv_env_CXXFLAGS_set=
ac_cv_env_CXXFLAGS_value=
ac_cv_env_CXX_set=
ac_cv_env_CXX_value=
ac_cv_env_LDFLAGS_set=
ac_cv_env_LDFLAGS_value=
ac_cv_env_LIBS_set=
ac_cv_env_LIBS_value=
ac_cv_env_build_alias_set=
ac_cv_env_build_alias_value=
ac_cv_env_host_alias_set=
ac_cv_env_host_alias_value=
ac_cv_env_target_alias_set=
ac_cv_env_target_alias_value=
ac_cv_func_select=yes
ac_cv_func_snprintf=yes
ac_cv_header_errno_h=yes
ac_cv_header_exception=yes
ac_cv_header_fcntl_h=yes
ac_cv_header_inttypes_h=yes
ac_cv_header_iterator=yes
ac_cv_header_linux_parport_h=yes
ac_cv_header_linux_ppdev_h=yes
ac_cv_header_map=yes
ac_cv_header_memory_h=yes
ac_cv_header_new=yes
ac_cv_header_signal_h=yes
ac_cv_header_stdc=yes
ac_cv_header_stdexcept=yes
ac_cv_header_stdint_h=yes
ac_cv_header_stdio_h=yes
ac_cv_header_stdlib_h=yes
ac_cv_header_string=yes
ac_cv_header_string_h=yes
ac_cv_header_strings_h=yes
ac_cv_header_sys_io_h=yes
ac_cv_header_sys_ioctl_h=yes
ac_cv_header_sys_select_h=yes
ac_cv_header_sys_stat_h=yes
ac_cv_header_sys_time_h=yes
ac_cv_header_sys_types_h=yes
ac_cv_header_unistd_h=yes
ac_cv_header_vector=yes
ac_cv_host=i686-pc-linux-gnu
ac_cv_objext=o
ac_cv_path_EGREP='/bin/grep -E'
ac_cv_path_GREP=/bin/grep
ac_cv_path_install='/usr/bin/install -c'
ac_cv_prog_AWK=gawk
ac_cv_prog_CPP='gcc -E'
ac_cv_prog_CXXCPP='g++ -E'
ac_cv_prog_ac_ct_CC=gcc
ac_cv_prog_ac_ct_CXX=g++
ac_cv_prog_ac_ct_RANLIB=ranlib
ac_cv_prog_cc_c89=
ac_cv_prog_cc_g=yes
ac_cv_prog_cc_gcc_c_o=yes
ac_cv_prog_cxx_g=yes
ac_cv_prog_make_make_set=yes
ac_cv_search_strerror='none required'
am_cv_CC_dependencies_compiler_type=gcc3
am_cv_CXX_dependencies_compiler_type=gcc3

## ----------------- ##
## Output variables. ##
## ----------------- ##

ACLOCAL='${SHELL} /home/bene/projects/usbprog/trunk/picprog/odyssey-with-usbprog-0.5/scripts/missing --run aclocal-1.9'
AMDEPBACKSLASH='\'
AMDEP_FALSE='#'
AMDEP_TRUE=''
AMTAR='${SHELL} /home/bene/projects/usbprog/trunk/picprog/odyssey-with-usbprog-0.5/scripts/missing --run tar'
AUTOCONF='${SHELL} /home/bene/projects/usbprog/trunk/picprog/odyssey-with-usbprog-0.5/scripts/missing --run autoconf'
AUTOHEADER='${SHELL} /home/bene/projects/usbprog/trunk/picprog/odyssey-with-usbprog-0.5/scripts/missing --run autoheader'
AUTOMAKE='${SHELL} /home/bene/projects/usbprog/trunk/picprog/odyssey-with-usbprog-0.5/scripts/missing --run automake-1.9'
AWK='gawk'
CC='gcc'
CCDEPMODE='depmode=gcc3'
CFLAGS='-g -O2'
CPP='gcc -E'
CPPFLAGS=''
CXX='g++'
CXXCPP='g++ -E'
CXXDEPMODE='depmode=gcc3'
CXXFLAGS='-g -O2'
CYGPATH_W='echo'
DEFS='-DHAVE_CONFIG_H'
DEPDIR='.deps'
ECHO_C=''
ECHO_N='-n'
ECHO_T=''
EGREP='/bin/grep -E'
ENABLE_DIRECTIO_FALSE='#'
ENABLE_DIRECTIO_TRUE=''
ENABLE_LINUX_PPDEV_FALSE='#'
ENABLE_LINUX_PPDEV_TRUE=''
EXEEXT=''
GREP='/bin/grep'
INSTALL_DATA='${INSTALL} -m 644'
INSTALL_PROGRAM='${INSTALL}'
INSTALL_SCRIPT='${INSTALL}'
INSTALL_STRIP_PROGRAM='${SHELL} $(install_sh) -c -s'
LDFLAGS=''
LIBOBJS=''
LIBS=''
LN_S='ln -s'
LTLIBOBJS=''
MAKEINFO='${SHELL} /home/bene/projects/usbprog/trunk/picprog/odyssey-with-usbprog-0.5/scripts/missing --run makeinfo'
OBJEXT='o'
PACKAGE='odyssey'
PACKAGE_BUGREPORT=''
PACKAGE_NAME=''
PACKAGE_STRING=''
PACKAGE_TARNAME=''
PACKAGE_VERSION=''
PATH_SEPARATOR=':'
RANLIB='ranlib'
SET_MAKE=''
SHELL='/bin/sh'
STRIP=''
VERSION='0.5'
ac_ct_CC='gcc'
ac_ct_CXX='g++'
am__fastdepCC_FALSE='#'
am__fastdepCC_TRUE=''
am__fastdepCXX_FALSE='#'
am__fastdepCXX_TRUE=''
am__include='include'
am__leading_dot='.'
am__quote=''
am__tar='${AMTAR} chof - "$$tardir"'
am__untar='${AMTAR} xf -'
bindir='${exec_prefix}/bin'
build='i686-pc-linux-gnu'
build_alias=''
build_cpu='i686'
build_os='linux-gnu'
build_vendor='pc'
datadir='${datarootdir}'
datarootdir='${prefix}/share'
docdir='${datarootdir}/doc/${PACKAGE}'
dvidir='${docdir}'
exec_prefix='${prefix}'
host='i686-pc-linux-gnu'
host_alias=''
host_cpu='i686'
host_os='linux-gnu'
host_vendor='pc'
htmldir='${docdir}'
includedir='${prefix}/include'
infodir='${datarootdir}/info'
install_sh='/home/bene/projects/usbprog/trunk/picprog/odyssey-with-usbprog-0.5/scripts/install-sh'
libdir='${exec_prefix}/lib'
libexecdir='${exec_prefix}/libexec'
localedir='${datarootdir}/locale'
localstatedir='${prefix}/var'
mandir='${datarootdir}/man'
mkdir_p='mkdir -p --'
oldincludedir='/usr/include'
pdfdir='${docdir}'
prefix='/usr/local'
program_transform_name='s,x,x,'
psdir='${docdir}'
sbindir='${exec_prefix}/sbin'
sharedstatedir='${prefix}/com'
sysconfdir='${prefix}/etc'
target_alias=''

## ----------- ##
## confdefs.h. ##
## ----------- ##

#define PACKAGE_NAME ""
#define PACKAGE_TARNAME ""
#define PACKAGE_VERSION ""
#define PACKAGE_STRING ""
#define PACKAGE_BUGREPORT ""
#define PACKAGE "odyssey"
#define VERSION "0.5"
#define STDC_HEADERS 1
#define HAVE_SYS_TYPES_H 1
#define HAVE_SYS_STAT_H 1
#define HAVE_STDLIB_H 1
#define HAVE_STRING_H 1
#define HAVE_MEMORY_H 1
#define HAVE_STRINGS_H 1
#define HAVE_INTTYPES_H 1
#define HAVE_STDINT_H 1
#define HAVE_UNISTD_H 1
#define HAVE_STDIO_H 1
#define HAVE_ERRNO_H 1
#define HAVE_SIGNAL_H 1
#define HAVE_FCNTL_H 1
#define HAVE_SYS_SELECT_H 1
#define HAVE_SYS_IOCTL_H 1
#define HAVE_SYS_TIME_H 1
#define HAVE_NEW 1
#define HAVE_EXCEPTION 1
#define HAVE_STDEXCEPT 1
#define HAVE_ITERATOR 1
#define HAVE_STRING 1
#define HAVE_MAP 1
#define HAVE_VECTOR 1
#define HAVE_SELECT 1
#define HAVE_SNPRINTF 1
#define HAVE_LINUX_PARPORT_H 1
#define ENABLE_LINUX_PPDEV
#define HAVE_LINUX_PPDEV_H 1
#define ENABLE_LINUX_PPDEV
#define HAVE_SYS_IO_H 1
#define ENABLE_DIRECTIO

configure: exit 0
