This file contains any messages produced by compilers while
running configure, to aid debugging if configure makes a mistake.

It was created by configure, which was
generated by GNU Autoconf 2.60.  Invocation command line was

  $ ./configure --enable-maintainer-mode

## --------- ##
## Platform. ##
## --------- ##

hostname = alois-desktop
uname -m = i686
uname -r = 2.6.17-11-generic
uname -s = Linux
uname -v = #2 SMP Thu Feb 1 19:52:28 UTC 2007

/usr/bin/uname -p = unknown
/bin/uname -X     = unknown

/bin/arch              = i686
/usr/bin/arch -k       = unknown
/usr/convex/getsysinfo = unknown
/usr/bin/hostinfo      = unknown
/bin/machine           = unknown
/usr/bin/oslevel       = unknown
/bin/universe          = unknown

PATH: /usr/local/sbin
PATH: /usr/local/bin
PATH: /usr/sbin
PATH: /usr/bin
PATH: /sbin
PATH: /bin
PATH: /usr/bin/X11
PATH: /usr/games


## ----------- ##
## Core tests. ##
## ----------- ##

configure:1770: checking for a BSD-compatible install
configure:1826: result: /usr/bin/install -c
configure:1837: checking whether build environment is sane
configure:1880: result: yes
configure:1895: checking whether make sets $(MAKE)
configure:1916: result: yes
configure:1948: checking for working aclocal-1.4
configure:1955: result: found
configure:1963: checking for working autoconf
configure:1970: result: found
configure:1978: checking for working automake-1.4
configure:1985: result: found
configure:1993: checking for working autoheader
configure:2000: result: found
configure:2008: checking for working makeinfo
configure:2019: result: missing
configure:2029: checking whether to enable maintainer-specific portions of Makefiles
configure:2038: result: yes
configure:2101: checking for gcc
configure:2117: found /usr/bin/gcc
configure:2128: result: gcc
configure:2366: checking for C compiler version
configure:2373: gcc --version >&5
gcc (GCC) 4.1.2 20060928 (prerelease) (Ubuntu 4.1.1-13ubuntu5)
Copyright (C) 2006 Free Software Foundation, Inc.
This is free software; see the source for copying conditions.  There is NO
warranty; not even for MERCHANTABILITY or FITNESS FOR A PARTICULAR PURPOSE.

configure:2376: $? = 0
configure:2383: gcc -v >&5
Using built-in specs.
Target: i486-linux-gnu
Configured with: ../src/configure -v --enable-languages=c,c++,fortran,objc,obj-c++,treelang --prefix=/usr --enable-shared --with-system-zlib --libexecdir=/usr/lib --without-included-gettext --enable-threads=posix --enable-nls --program-suffix=-4.1 --enable-__cxa_atexit --enable-clocale=gnu --enable-libstdcxx-debug --enable-mpfr --enable-checking=release i486-linux-gnu
Thread model: posix
gcc version 4.1.2 20060928 (prerelease) (Ubuntu 4.1.1-13ubuntu5)
configure:2386: $? = 0
configure:2393: gcc -V >&5
gcc: '-V' option must have argument
configure:2396: $? = 1
configure:2419: checking for C compiler default output file name
configure:2446: gcc    conftest.c  >&5
configure:2449: $? = 0
configure:2495: result: a.out
configure:2500: checking whether the C compiler works
configure:2510: ./a.out
configure:2513: $? = 0
configure:2530: result: yes
configure:2537: checking whether we are cross compiling
configure:2539: result: no
configure:2542: checking for suffix of executables
configure:2549: gcc -o conftest    conftest.c  >&5
configure:2552: $? = 0
configure:2576: result: 
configure:2582: checking for suffix of object files
configure:2608: gcc -c   conftest.c >&5
configure:2611: $? = 0
configure:2634: result: o
configure:2638: checking whether we are using the GNU C compiler
configure:2667: gcc -c   conftest.c >&5
configure:2673: $? = 0
configure:2680: test -z "$ac_c_werror_flag" || test ! -s conftest.err
configure:2683: $? = 0
configure:2690: test -s conftest.o
configure:2693: $? = 0
configure:2707: result: yes
configure:2712: checking whether gcc accepts -g
configure:2742: gcc -c -g  conftest.c >&5
configure:2748: $? = 0
configure:2755: test -z "$ac_c_werror_flag" || test ! -s conftest.err
configure:2758: $? = 0
configure:2765: test -s conftest.o
configure:2768: $? = 0
configure:2898: result: yes
configure:2915: checking for gcc option to accept ISO C89
configure:2989: gcc  -c -g -O2  conftest.c >&5
configure:2995: $? = 0
configure:3002: test -z "$ac_c_werror_flag" || test ! -s conftest.err
configure:3005: $? = 0
configure:3012: test -s conftest.o
configure:3015: $? = 0
configure:3035: result: none needed
configure:3054: checking for library containing strerror
configure:3095: gcc -o conftest -g -O2   conftest.c  >&5
configure:3101: $? = 0
configure:3108: test -z "$ac_c_werror_flag" || test ! -s conftest.err
configure:3111: $? = 0
configure:3118: test -s conftest
configure:3121: $? = 0
configure:3145: result: none required
configure:3201: checking for gcc
configure:3228: result: gcc
configure:3466: checking for C compiler version
configure:3473: gcc --version >&5
gcc (GCC) 4.1.2 20060928 (prerelease) (Ubuntu 4.1.1-13ubuntu5)
Copyright (C) 2006 Free Software Foundation, Inc.
This is free software; see the source for copying conditions.  There is NO
warranty; not even for MERCHANTABILITY or FITNESS FOR A PARTICULAR PURPOSE.

configure:3476: $? = 0
configure:3483: gcc -v >&5
Using built-in specs.
Target: i486-linux-gnu
Configured with: ../src/configure -v --enable-languages=c,c++,fortran,objc,obj-c++,treelang --prefix=/usr --enable-shared --with-system-zlib --libexecdir=/usr/lib --without-included-gettext --enable-threads=posix --enable-nls --program-suffix=-4.1 --enable-__cxa_atexit --enable-clocale=gnu --enable-libstdcxx-debug --enable-mpfr --enable-checking=release i486-linux-gnu
Thread model: posix
gcc version 4.1.2 20060928 (prerelease) (Ubuntu 4.1.1-13ubuntu5)
configure:3486: $? = 0
configure:3493: gcc -V >&5
gcc: '-V' option must have argument
configure:3496: $? = 1
configure:3499: checking whether we are using the GNU C compiler
configure:3568: result: yes
configure:3573: checking whether gcc accepts -g
configure:3759: result: yes
configure:3776: checking for gcc option to accept ISO C89
configure:3896: result: none needed
configure:3917: checking for gcc option to accept ANSI C
configure:3984: gcc  -c -g -O2  conftest.c >&5
configure:3990: $? = 0
configure:3997: test -z "$ac_c_werror_flag" || test ! -s conftest.err
configure:4000: $? = 0
configure:4007: test -s conftest.o
configure:4010: $? = 0
configure:4027: result: none needed
configure:4043: checking how to run the C preprocessor
configure:4083: gcc -E  conftest.c
configure:4089: $? = 0
configure:4127: gcc -E  conftest.c
conftest.c:10:28: error: ac_nonexistent.h: No such file or directory
configure:4133: $? = 1
configure: failed program was:
| /* confdefs.h.  */
| #define PACKAGE_NAME ""
| #define PACKAGE_TARNAME ""
| #define PACKAGE_VERSION ""
| #define PACKAGE_STRING ""
| #define PACKAGE_BUGREPORT ""
| #define PACKAGE "usbprog-online"
| #define VERSION "0.1"
| /* end confdefs.h.  */
| #include <ac_nonexistent.h>
configure:4173: result: gcc -E
configure:4202: gcc -E  conftest.c
configure:4208: $? = 0
configure:4246: gcc -E  conftest.c
conftest.c:10:28: error: ac_nonexistent.h: No such file or directory
configure:4252: $? = 1
configure: failed program was:
| /* confdefs.h.  */
| #define PACKAGE_NAME ""
| #define PACKAGE_TARNAME ""
| #define PACKAGE_VERSION ""
| #define PACKAGE_STRING ""
| #define PACKAGE_BUGREPORT ""
| #define PACKAGE "usbprog-online"
| #define VERSION "0.1"
| /* end confdefs.h.  */
| #include <ac_nonexistent.h>
configure:4297: checking for grep that handles long lines and -e
configure:4371: result: /bin/grep
configure:4376: checking for egrep
configure:4454: result: /bin/grep -E
configure:4459: checking for ANSI C header files
configure:4489: gcc -c -g -O2  conftest.c >&5
configure:4495: $? = 0
configure:4502: test -z "$ac_c_werror_flag" || test ! -s conftest.err
configure:4505: $? = 0
configure:4512: test -s conftest.o
configure:4515: $? = 0
configure:4611: gcc -o conftest -g -O2   conftest.c  >&5
configure:4614: $? = 0
configure:4620: ./conftest
configure:4623: $? = 0
configure:4640: result: yes
configure:4662: checking wxWidgets version
configure:4665: result: 2.6.3
configure:4688: checking how to run the C preprocessor
configure:4818: result: gcc -E
configure:4847: gcc -E  conftest.c
configure:4853: $? = 0
configure:4891: gcc -E  conftest.c
conftest.c:11:28: error: ac_nonexistent.h: No such file or directory
configure:4897: $? = 1
configure: failed program was:
| /* confdefs.h.  */
| #define PACKAGE_NAME ""
| #define PACKAGE_TARNAME ""
| #define PACKAGE_VERSION ""
| #define PACKAGE_STRING ""
| #define PACKAGE_BUGREPORT ""
| #define PACKAGE "usbprog-online"
| #define VERSION "0.1"
| #define STDC_HEADERS 1
| /* end confdefs.h.  */
| #include <ac_nonexistent.h>
configure:4999: checking for g++
configure:5015: found /usr/bin/g++
configure:5026: result: g++
configure:5057: checking for C++ compiler version
configure:5064: g++ --version >&5
g++ (GCC) 4.1.2 20060928 (prerelease) (Ubuntu 4.1.1-13ubuntu5)
Copyright (C) 2006 Free Software Foundation, Inc.
This is free software; see the source for copying conditions.  There is NO
warranty; not even for MERCHANTABILITY or FITNESS FOR A PARTICULAR PURPOSE.

configure:5067: $? = 0
configure:5074: g++ -v >&5
Using built-in specs.
Target: i486-linux-gnu
Configured with: ../src/configure -v --enable-languages=c,c++,fortran,objc,obj-c++,treelang --prefix=/usr --enable-shared --with-system-zlib --libexecdir=/usr/lib --without-included-gettext --enable-threads=posix --enable-nls --program-suffix=-4.1 --enable-__cxa_atexit --enable-clocale=gnu --enable-libstdcxx-debug --enable-mpfr --enable-checking=release i486-linux-gnu
Thread model: posix
gcc version 4.1.2 20060928 (prerelease) (Ubuntu 4.1.1-13ubuntu5)
configure:5077: $? = 0
configure:5084: g++ -V >&5
g++: '-V' option must have argument
configure:5087: $? = 1
configure:5090: checking whether we are using the GNU C++ compiler
configure:5119: g++ -c   conftest.cpp >&5
configure:5125: $? = 0
configure:5132: test -z "$ac_cxx_werror_flag" || test ! -s conftest.err
configure:5135: $? = 0
configure:5142: test -s conftest.o
configure:5145: $? = 0
configure:5159: result: yes
configure:5164: checking whether g++ accepts -g
configure:5194: g++ -c -g  conftest.cpp >&5
configure:5200: $? = 0
configure:5207: test -z "$ac_cxx_werror_flag" || test ! -s conftest.err
configure:5210: $? = 0
configure:5217: test -s conftest.o
configure:5220: $? = 0
configure:5350: result: yes
configure:5398: checking for sys/types.h
configure:5419: gcc -c -g -O2  conftest.c >&5
configure:5425: $? = 0
configure:5432: test -z "$ac_c_werror_flag" || test ! -s conftest.err
configure:5435: $? = 0
configure:5442: test -s conftest.o
configure:5445: $? = 0
configure:5458: result: yes
configure:5398: checking for sys/stat.h
configure:5419: gcc -c -g -O2  conftest.c >&5
configure:5425: $? = 0
configure:5432: test -z "$ac_c_werror_flag" || test ! -s conftest.err
configure:5435: $? = 0
configure:5442: test -s conftest.o
configure:5445: $? = 0
configure:5458: result: yes
configure:5398: checking for stdlib.h
configure:5419: gcc -c -g -O2  conftest.c >&5
configure:5425: $? = 0
configure:5432: test -z "$ac_c_werror_flag" || test ! -s conftest.err
configure:5435: $? = 0
configure:5442: test -s conftest.o
configure:5445: $? = 0
configure:5458: result: yes
configure:5398: checking for string.h
configure:5419: gcc -c -g -O2  conftest.c >&5
configure:5425: $? = 0
configure:5432: test -z "$ac_c_werror_flag" || test ! -s conftest.err
configure:5435: $? = 0
configure:5442: test -s conftest.o
configure:5445: $? = 0
configure:5458: result: yes
configure:5398: checking for memory.h
configure:5419: gcc -c -g -O2  conftest.c >&5
configure:5425: $? = 0
configure:5432: test -z "$ac_c_werror_flag" || test ! -s conftest.err
configure:5435: $? = 0
configure:5442: test -s conftest.o
configure:5445: $? = 0
configure:5458: result: yes
configure:5398: checking for strings.h
configure:5419: gcc -c -g -O2  conftest.c >&5
configure:5425: $? = 0
configure:5432: test -z "$ac_c_werror_flag" || test ! -s conftest.err
configure:5435: $? = 0
configure:5442: test -s conftest.o
configure:5445: $? = 0
configure:5458: result: yes
configure:5398: checking for inttypes.h
configure:5419: gcc -c -g -O2  conftest.c >&5
configure:5425: $? = 0
configure:5432: test -z "$ac_c_werror_flag" || test ! -s conftest.err
configure:5435: $? = 0
configure:5442: test -s conftest.o
configure:5445: $? = 0
configure:5458: result: yes
configure:5398: checking for stdint.h
configure:5419: gcc -c -g -O2  conftest.c >&5
configure:5425: $? = 0
configure:5432: test -z "$ac_c_werror_flag" || test ! -s conftest.err
configure:5435: $? = 0
configure:5442: test -s conftest.o
configure:5445: $? = 0
configure:5458: result: yes
configure:5398: checking for unistd.h
configure:5419: gcc -c -g -O2  conftest.c >&5
configure:5425: $? = 0
configure:5432: test -z "$ac_c_werror_flag" || test ! -s conftest.err
configure:5435: $? = 0
configure:5442: test -s conftest.o
configure:5445: $? = 0
configure:5458: result: yes
configure:5486: checking locale.h usability
configure:5503: gcc -c -g -O2  conftest.c >&5
configure:5509: $? = 0
configure:5516: test -z "$ac_c_werror_flag" || test ! -s conftest.err
configure:5519: $? = 0
configure:5526: test -s conftest.o
configure:5529: $? = 0
configure:5540: result: yes
configure:5544: checking locale.h presence
configure:5559: gcc -E  conftest.c
configure:5565: $? = 0
configure:5586: result: yes
configure:5614: checking for locale.h
configure:5622: result: yes
configure:5636: checking for LC_MESSAGES
configure:5662: gcc -o conftest -g -O2   conftest.c  >&5
configure:5668: $? = 0
configure:5675: test -z "$ac_c_werror_flag" || test ! -s conftest.err
configure:5678: $? = 0
configure:5685: test -s conftest
configure:5688: $? = 0
configure:5701: result: yes
configure:5730: checking libintl.h usability
configure:5747: gcc -c -g -O2  conftest.c >&5
configure:5753: $? = 0
configure:5760: test -z "$ac_c_werror_flag" || test ! -s conftest.err
configure:5763: $? = 0
configure:5770: test -s conftest.o
configure:5773: $? = 0
configure:5784: result: yes
configure:5788: checking libintl.h presence
configure:5803: gcc -E  conftest.c
configure:5809: $? = 0
configure:5830: result: yes
configure:5858: checking for libintl.h
configure:5865: result: yes
configure:5876: checking for ngettext in libc
configure:5904: gcc -o conftest -g -O2   conftest.c  >&5
configure:5910: $? = 0
configure:5917: test -z "$ac_c_werror_flag" || test ! -s conftest.err
configure:5920: $? = 0
configure:5927: test -s conftest
configure:5930: $? = 0
configure:5944: result: yes
configure:5948: checking for dgettext in libc
configure:5976: gcc -o conftest -g -O2   conftest.c  >&5
configure:5982: $? = 0
configure:5989: test -z "$ac_c_werror_flag" || test ! -s conftest.err
configure:5992: $? = 0
configure:5999: test -s conftest
configure:6002: $? = 0
configure:6016: result: yes
configure:6025: checking for bind_textdomain_codeset
configure:6081: gcc -o conftest -g -O2   conftest.c  >&5
configure:6087: $? = 0
configure:6094: test -z "$ac_c_werror_flag" || test ! -s conftest.err
configure:6097: $? = 0
configure:6104: test -s conftest
configure:6107: $? = 0
configure:6121: result: yes
configure:6704: checking for msgfmt
configure:6731: result: /usr/bin/msgfmt
configure:6744: checking for dcgettext
configure:6800: gcc -o conftest -g -O2   conftest.c   >&5
conftest.c:48: warning: conflicting types for built-in function 'dcgettext'
configure:6806: $? = 0
configure:6813: test -z "$ac_c_werror_flag" || test ! -s conftest.err
configure:6816: $? = 0
configure:6823: test -s conftest
configure:6826: $? = 0
configure:6840: result: yes
configure:6852: checking for gmsgfmt
configure:6883: result: /usr/bin/msgfmt
configure:6893: checking for xgettext
configure:6920: result: /usr/bin/xgettext
configure:6949: gcc -o conftest -g -O2   conftest.c   >&5
configure:6955: $? = 0
configure:6962: test -z "$ac_c_werror_flag" || test ! -s conftest.err
configure:6965: $? = 0
configure:6972: test -s conftest
configure:6975: $? = 0
configure:7267: checking for pkg-config
configure:7285: found /usr/bin/pkg-config
configure:7297: result: /usr/bin/pkg-config
configure:7326: checking pkg-config is at least version 0.9.0
configure:7329: result: yes
configure:7340: checking for PACKAGE
configure:7348: $PKG_CONFIG --exists --print-errors "gtk+-2.0"
configure:7351: $? = 0
configure:7366: $PKG_CONFIG --exists --print-errors "gtk+-2.0"
configure:7369: $? = 0
configure:7445: result: yes
configure:7555: creating ./config.status

## ---------------------- ##
## Running config.status. ##
## ---------------------- ##

This file was extended by config.status, which was
generated by GNU Autoconf 2.60.  Invocation command line was

  CONFIG_FILES    = 
  CONFIG_HEADERS  = 
  CONFIG_LINKS    = 
  CONFIG_COMMANDS = 
  $ ./config.status 

on alois-desktop

config.status:633: creating Makefile
config.status:768: WARNING:  Makefile.in seems to ignore the --datarootdir setting
config.status:633: creating src/Makefile
config.status:768: WARNING:  src/Makefile.in seems to ignore the --datarootdir setting
config.status:633: creating po/Makefile.in
config.status:768: WARNING:  po/Makefile.in.in seems to ignore the --datarootdir setting
config.status:633: creating config.h
config.status:860: config.h is unchanged
config.status:873: executing default-1 commands
config.status:873: executing default-2 commands

## ---------------- ##
## Cache variables. ##
## ---------------- ##

ac_cv_c_compiler_gnu=yes
ac_cv_cxx_compiler_gnu=yes
ac_cv_env_CCC_set=
ac_cv_env_CCC_value=
ac_cv_env_CC_set=
ac_cv_env_CC_value=
ac_cv_env_CFLAGS_set=
ac_cv_env_CFLAGS_value=
ac_cv_env_CPPFLAGS_set=
ac_cv_env_CPPFLAGS_value=
ac_cv_env_CPP_set=
ac_cv_env_CPP_value=
ac_cv_env_CXXFLAGS_set=
ac_cv_env_CXXFLAGS_value=
ac_cv_env_CXX_set=
ac_cv_env_CXX_value=
ac_cv_env_LDFLAGS_set=
ac_cv_env_LDFLAGS_value=
ac_cv_env_PACKAGE_CFLAGS_set=
ac_cv_env_PACKAGE_CFLAGS_value=
ac_cv_env_PACKAGE_LIBS_set=
ac_cv_env_PACKAGE_LIBS_value=
ac_cv_env_PKG_CONFIG_set=
ac_cv_env_PKG_CONFIG_value=
ac_cv_env_build_alias_set=
ac_cv_env_build_alias_value=
ac_cv_env_host_alias_set=
ac_cv_env_host_alias_value=
ac_cv_env_target_alias_set=
ac_cv_env_target_alias_value=
ac_cv_func_bind_textdomain_codeset=yes
ac_cv_func_dcgettext=yes
ac_cv_header_inttypes_h=yes
ac_cv_header_libintl_h=yes
ac_cv_header_locale_h=yes
ac_cv_header_memory_h=yes
ac_cv_header_stdc=yes
ac_cv_header_stdint_h=yes
ac_cv_header_stdlib_h=yes
ac_cv_header_string_h=yes
ac_cv_header_strings_h=yes
ac_cv_header_sys_stat_h=yes
ac_cv_header_sys_types_h=yes
ac_cv_header_unistd_h=yes
ac_cv_objext=o
ac_cv_path_EGREP='/bin/grep -E'
ac_cv_path_GMSGFMT=/usr/bin/msgfmt
ac_cv_path_GREP=/bin/grep
ac_cv_path_MSGFMT=/usr/bin/msgfmt
ac_cv_path_XGETTEXT=/usr/bin/xgettext
ac_cv_path_ac_pt_PKG_CONFIG=/usr/bin/pkg-config
ac_cv_path_install='/usr/bin/install -c'
ac_cv_prog_CPP='gcc -E'
ac_cv_prog_ac_ct_CC=gcc
ac_cv_prog_ac_ct_CXX=g++
ac_cv_prog_cc_c89=
ac_cv_prog_cc_g=yes
ac_cv_prog_cxx_g=yes
ac_cv_prog_make_make_set=yes
ac_cv_search_strerror='none required'
am_cv_prog_cc_stdc=
am_cv_val_LC_MESSAGES=yes
gt_cv_func_dgettext_libc=yes
gt_cv_func_dgettext_libintl=no
gt_cv_func_ngettext_libc=yes
gt_cv_have_gettext=yes
pkg_cv_PACKAGE_CFLAGS='-I/usr/include/gtk-2.0 -I/usr/lib/gtk-2.0/include -I/usr/include/atk-1.0 -I/usr/include/cairo -I/usr/include/pango-1.0 -I/usr/include/glib-2.0 -I/usr/lib/glib-2.0/include  '
pkg_cv_PACKAGE_LIBS='-lgtk-x11-2.0 -lgdk-x11-2.0 -latk-1.0 -lgdk_pixbuf-2.0 -lm -lpangocairo-1.0 -lfontconfig -lXext -lXrender -lXinerama -lXi -lXrandr -lXcursor -lXfixes -lpango-1.0 -lcairo -lX11 -lgobject-2.0 -lgmodule-2.0 -ldl -lglib-2.0  '

## ----------------- ##
## Output variables. ##
## ----------------- ##

ACLOCAL='aclocal-1.4'
AUTOCONF='autoconf'
AUTOHEADER='autoheader'
AUTOMAKE='automake-1.4'
CATALOGS=''
CATOBJEXT='.gmo'
CC='gcc'
CFLAGS='-g -O2'
CPP='gcc -E'
CPPFLAGS=''
CXX='g++'
CXXFLAGS='-g -O2'
DATADIRNAME='share'
DEFS='-DHAVE_CONFIG_H'
ECHO_C=''
ECHO_N='-n'
ECHO_T=''
EGREP='/bin/grep -E'
EXEEXT=''
GETTEXT_PACKAGE='usbprog-online'
GMOFILES=''
GMSGFMT='/usr/bin/msgfmt'
GREP='/bin/grep'
INSTALL_DATA='${INSTALL} -m 644'
INSTALL_PROGRAM='${INSTALL}'
INSTALL_SCRIPT='${INSTALL}'
INSTOBJEXT='.mo'
INTLLIBS=''
LDFLAGS=''
LIBOBJS=''
LIBS=''
LTLIBOBJS=''
MAINT=''
MAINTAINER_MODE_FALSE='#'
MAINTAINER_MODE_TRUE=''
MAKEINFO='/home/alois/Projects/usbprog/dev/usbprog/trunk/usbprog-online/missing makeinfo'
MKINSTALLDIRS='./mkinstalldirs'
MSGFMT='/usr/bin/msgfmt'
OBJEXT='o'
PACKAGE='usbprog-online'
PACKAGE_BUGREPORT=''
PACKAGE_CFLAGS='-I/usr/include/gtk-2.0 -I/usr/lib/gtk-2.0/include -I/usr/include/atk-1.0 -I/usr/include/cairo -I/usr/include/pango-1.0 -I/usr/include/glib-2.0 -I/usr/lib/glib-2.0/include  '
PACKAGE_LIBS='-lgtk-x11-2.0 -lgdk-x11-2.0 -latk-1.0 -lgdk_pixbuf-2.0 -lm -lpangocairo-1.0 -lfontconfig -lXext -lXrender -lXinerama -lXi -lXrandr -lXcursor -lXfixes -lpango-1.0 -lcairo -lX11 -lgobject-2.0 -lgmodule-2.0 -ldl -lglib-2.0  '
PACKAGE_NAME=''
PACKAGE_STRING=''
PACKAGE_TARNAME=''
PACKAGE_VERSION=''
PATH_SEPARATOR=':'
PKG_CONFIG='/usr/bin/pkg-config'
POFILES=''
POSUB='po'
PO_IN_DATADIR_FALSE=''
PO_IN_DATADIR_TRUE=''
SET_MAKE=''
SHELL='/bin/bash'
USE_NLS='yes'
VERSION='0.1'
WX_CPPFLAGS='-I/usr/lib/wx/include/gtk2-unicode-release-2.6 -I/usr/include/wx-2.6 -DGTK_NO_CHECK_CASTS -D__WXGTK__ -D_FILE_OFFSET_BITS=64 -D_LARGE_FILES -DNO_GCC_PRAGMA'
WX_CXXFLAGS='-I/usr/lib/wx/include/gtk2-unicode-release-2.6 -I/usr/include/wx-2.6 -DGTK_NO_CHECK_CASTS -D__WXGTK__ -D_FILE_OFFSET_BITS=64 -D_LARGE_FILES -DNO_GCC_PRAGMA  '
WX_LIBS='-pthread   -lwx_gtk2u_xrc-2.6 -lwx_gtk2u_qa-2.6 -lwx_gtk2u_html-2.6 -lwx_gtk2u_adv-2.6 -lwx_gtk2u_core-2.6 -lwx_baseu_xml-2.6 -lwx_baseu_net-2.6 -lwx_baseu-2.6 '
XGETTEXT='/usr/bin/xgettext'
ac_ct_CC='gcc'
ac_ct_CXX='g++'
bindir='${exec_prefix}/bin'
build_alias=''
datadir='${datarootdir}'
datarootdir='${prefix}/share'
docdir='${datarootdir}/doc/${PACKAGE}'
dvidir='${docdir}'
exec_prefix='${prefix}'
host_alias=''
htmldir='${docdir}'
includedir='${prefix}/include'
infodir='${datarootdir}/info'
libdir='${exec_prefix}/lib'
libexecdir='${exec_prefix}/libexec'
localedir='${datarootdir}/locale'
localstatedir='${prefix}/var'
mandir='${datarootdir}/man'
oldincludedir='/usr/include'
pdfdir='${docdir}'
prefix='/usr/local'
program_transform_name='s,x,x,'
psdir='${docdir}'
sbindir='${exec_prefix}/sbin'
sharedstatedir='${prefix}/com'
sysconfdir='${prefix}/etc'
target_alias=''

## ----------- ##
## confdefs.h. ##
## ----------- ##

#define PACKAGE_NAME ""
#define PACKAGE_TARNAME ""
#define PACKAGE_VERSION ""
#define PACKAGE_STRING ""
#define PACKAGE_BUGREPORT ""
#define PACKAGE "usbprog-online"
#define VERSION "0.1"
#define STDC_HEADERS 1
#define GETTEXT_PACKAGE "usbprog-online"
#define HAVE_SYS_TYPES_H 1
#define HAVE_SYS_STAT_H 1
#define HAVE_STDLIB_H 1
#define HAVE_STRING_H 1
#define HAVE_MEMORY_H 1
#define HAVE_STRINGS_H 1
#define HAVE_INTTYPES_H 1
#define HAVE_STDINT_H 1
#define HAVE_UNISTD_H 1
#define HAVE_LOCALE_H 1
#define HAVE_LC_MESSAGES 1
#define HAVE_BIND_TEXTDOMAIN_CODESET 1
#define HAVE_GETTEXT 1
#define HAVE_DCGETTEXT 1
#define ENABLE_NLS 1

configure: exit 0
