This file contains any messages produced by compilers while
running configure, to aid debugging if configure makes a mistake.

It was created by avarice configure 2.6.20061222, which was
generated by GNU Autoconf 2.61.  Invocation command line was

  $ ./configure 

## --------- ##
## Platform. ##
## --------- ##

hostname = big
uname -m = i686
uname -r = 2.6.18.2
uname -s = Linux
uname -v = #7 PREEMPT Wed Jan 17 21:29:20 CET 2007

/usr/bin/uname -p = unknown
/bin/uname -X     = unknown

/bin/arch              = i686
/usr/bin/arch -k       = unknown
/usr/convex/getsysinfo = unknown
/usr/bin/hostinfo      = unknown
/bin/machine           = unknown
/usr/bin/oslevel       = unknown
/bin/universe          = unknown

PATH: /usr/local/bin
PATH: /usr/bin
PATH: /bin
PATH: /usr/bin/X11
PATH: /usr/games


## ----------- ##
## Core tests. ##
## ----------- ##

configure:1784: checking for a BSD-compatible install
configure:1840: result: /usr/bin/install -c
configure:1851: checking whether build environment is sane
configure:1894: result: yes
configure:1959: checking for gawk
configure:1975: found /usr/bin/gawk
configure:1986: result: gawk
configure:1997: checking whether make sets $(MAKE)
configure:2018: result: yes
configure:2262: checking for g++
configure:2278: found /usr/bin/g++
configure:2289: result: g++
configure:2320: checking for C++ compiler version
configure:2327: g++ --version >&5
g++ (GCC) 4.1.2 20061028 (prerelease) (Debian 4.1.1-19)
Copyright (C) 2006 Free Software Foundation, Inc.
This is free software; see the source for copying conditions.  There is NO
warranty; not even for MERCHANTABILITY or FITNESS FOR A PARTICULAR PURPOSE.

configure:2330: $? = 0
configure:2337: g++ -v >&5
Using built-in specs.
Target: i486-linux-gnu
Configured with: ../src/configure -v --enable-languages=c,c++,fortran,objc,obj-c++,treelang --prefix=/usr --enable-shared --with-system-zlib --libexecdir=/usr/lib --without-included-gettext --enable-threads=posix --enable-nls --program-suffix=-4.1 --enable-__cxa_atexit --enable-clocale=gnu --enable-libstdcxx-debug --enable-mpfr --with-tune=i686 --enable-checking=release i486-linux-gnu
Thread model: posix
gcc version 4.1.2 20061028 (prerelease) (Debian 4.1.1-19)
configure:2340: $? = 0
configure:2347: g++ -V >&5
g++: '-V' option must have argument
configure:2350: $? = 1
configure:2373: checking for C++ compiler default output file name
configure:2400: g++    conftest.cpp  >&5
configure:2403: $? = 0
configure:2441: result: a.out
configure:2458: checking whether the C++ compiler works
configure:2468: ./a.out
configure:2471: $? = 0
configure:2488: result: yes
configure:2495: checking whether we are cross compiling
configure:2497: result: no
configure:2500: checking for suffix of executables
configure:2507: g++ -o conftest    conftest.cpp  >&5
configure:2510: $? = 0
configure:2534: result: 
configure:2540: checking for suffix of object files
configure:2566: g++ -c   conftest.cpp >&5
configure:2569: $? = 0
configure:2592: result: o
configure:2596: checking whether we are using the GNU C++ compiler
configure:2625: g++ -c   conftest.cpp >&5
configure:2631: $? = 0
configure:2648: result: yes
configure:2653: checking whether g++ accepts -g
configure:2683: g++ -c -g  conftest.cpp >&5
configure:2689: $? = 0
configure:2788: result: yes
configure:2822: checking for style of include used by make
configure:2850: result: GNU
configure:2878: checking dependency style of g++
configure:2968: result: gcc3
configure:3033: checking for gcc
configure:3049: found /usr/bin/gcc
configure:3060: result: gcc
configure:3298: checking for C compiler version
configure:3305: gcc --version >&5
gcc (GCC) 4.1.2 20061028 (prerelease) (Debian 4.1.1-19)
Copyright (C) 2006 Free Software Foundation, Inc.
This is free software; see the source for copying conditions.  There is NO
warranty; not even for MERCHANTABILITY or FITNESS FOR A PARTICULAR PURPOSE.

configure:3308: $? = 0
configure:3315: gcc -v >&5
Using built-in specs.
Target: i486-linux-gnu
Configured with: ../src/configure -v --enable-languages=c,c++,fortran,objc,obj-c++,treelang --prefix=/usr --enable-shared --with-system-zlib --libexecdir=/usr/lib --without-included-gettext --enable-threads=posix --enable-nls --program-suffix=-4.1 --enable-__cxa_atexit --enable-clocale=gnu --enable-libstdcxx-debug --enable-mpfr --with-tune=i686 --enable-checking=release i486-linux-gnu
Thread model: posix
gcc version 4.1.2 20061028 (prerelease) (Debian 4.1.1-19)
configure:3318: $? = 0
configure:3325: gcc -V >&5
gcc: '-V' option must have argument
configure:3328: $? = 1
configure:3331: checking whether we are using the GNU C compiler
configure:3360: gcc -c   conftest.c >&5
configure:3366: $? = 0
configure:3383: result: yes
configure:3388: checking whether gcc accepts -g
configure:3418: gcc -c -g  conftest.c >&5
configure:3424: $? = 0
configure:3523: result: yes
configure:3540: checking for gcc option to accept ISO C89
configure:3614: gcc  -c -g -O2  conftest.c >&5
configure:3620: $? = 0
configure:3643: result: none needed
configure:3663: checking dependency style of gcc
configure:3753: result: gcc3
configure:3773: checking for perl
configure:3791: found /usr/bin/perl
configure:3803: result: /usr/bin/perl
configure:3822: checking for library containing gethostbyname
configure:3863: gcc -o conftest -g -O2   conftest.c  >&5
configure:3869: $? = 0
configure:3897: result: none required
configure:3905: checking for socket
configure:3961: gcc -o conftest -g -O2   conftest.c  >&5
configure:3967: $? = 0
configure:3984: result: yes
configure:4129: checking for library containing inet_aton
configure:4170: gcc -o conftest -g -O2   conftest.c  >&5
configure:4176: $? = 0
configure:4204: result: none required
configure:4218: checking for iconv_open in -liconv
configure:4253: gcc -o conftest -g -O2   conftest.c -liconv   >&5
/usr/bin/ld: cannot find -liconv
collect2: ld returned 1 exit status
configure:4259: $? = 1
configure: failed program was:
| /* confdefs.h.  */
| #define PACKAGE_NAME "avarice"
| #define PACKAGE_TARNAME "avarice"
| #define PACKAGE_VERSION "2.6.20061222"
| #define PACKAGE_STRING "avarice 2.6.20061222"
| #define PACKAGE_BUGREPORT ""
| #define PACKAGE "avarice"
| #define VERSION "2.6.20061222"
| /* end confdefs.h.  */
| 
| /* Override any GCC internal prototype to avoid an error.
|    Use char because int might match the return type of a GCC
|    builtin and then its argument prototype would still apply.  */
| #ifdef __cplusplus
| extern "C"
| #endif
| char iconv_open ();
| int
| main ()
| {
| return iconv_open ();
|   ;
|   return 0;
| }
configure:4277: result: no
configure:4292: checking for libiconv_open in -liconv
configure:4327: gcc -o conftest -g -O2   conftest.c -liconv   >&5
/usr/bin/ld: cannot find -liconv
collect2: ld returned 1 exit status
configure:4333: $? = 1
configure: failed program was:
| /* confdefs.h.  */
| #define PACKAGE_NAME "avarice"
| #define PACKAGE_TARNAME "avarice"
| #define PACKAGE_VERSION "2.6.20061222"
| #define PACKAGE_STRING "avarice 2.6.20061222"
| #define PACKAGE_BUGREPORT ""
| #define PACKAGE "avarice"
| #define VERSION "2.6.20061222"
| /* end confdefs.h.  */
| 
| /* Override any GCC internal prototype to avoid an error.
|    Use char because int might match the return type of a GCC
|    builtin and then its argument prototype would still apply.  */
| #ifdef __cplusplus
| extern "C"
| #endif
| char libiconv_open ();
| int
| main ()
| {
| return libiconv_open ();
|   ;
|   return 0;
| }
configure:4351: result: no
configure:4364: checking for dcgettext in -lintl
configure:4399: gcc -o conftest -g -O2   conftest.c -lintl   >&5
conftest.c:17: warning: conflicting types for built-in function 'dcgettext'
/usr/bin/ld: cannot find -lintl
collect2: ld returned 1 exit status
configure:4405: $? = 1
configure: failed program was:
| /* confdefs.h.  */
| #define PACKAGE_NAME "avarice"
| #define PACKAGE_TARNAME "avarice"
| #define PACKAGE_VERSION "2.6.20061222"
| #define PACKAGE_STRING "avarice 2.6.20061222"
| #define PACKAGE_BUGREPORT ""
| #define PACKAGE "avarice"
| #define VERSION "2.6.20061222"
| /* end confdefs.h.  */
| 
| /* Override any GCC internal prototype to avoid an error.
|    Use char because int might match the return type of a GCC
|    builtin and then its argument prototype would still apply.  */
| #ifdef __cplusplus
| extern "C"
| #endif
| char dcgettext ();
| int
| main ()
| {
| return dcgettext ();
|   ;
|   return 0;
| }
configure:4423: result: no
configure:4435: checking for xmalloc in -liberty
configure:4470: gcc -o conftest -g -O2   conftest.c -liberty   >&5
configure:4476: $? = 0
configure:4494: result: yes
configure:4506: checking for bfd_init in -lbfd
configure:4541: gcc -o conftest -g -O2   conftest.c -lbfd  -liberty  >&5
configure:4547: $? = 0
configure:4565: result: yes
configure:4579: checking for usb_get_string_simple in -lusb
configure:4614: gcc -o conftest -g -O2   conftest.c -lusb  -lbfd -liberty  >&5
configure:4620: $? = 0
configure:4638: result: yes
configure:4662: checking how to run the C preprocessor
configure:4702: gcc -E  conftest.c
configure:4708: $? = 0
configure:4739: gcc -E  conftest.c
conftest.c:13:28: error: ac_nonexistent.h: No such file or directory
configure:4745: $? = 1
configure: failed program was:
| /* confdefs.h.  */
| #define PACKAGE_NAME "avarice"
| #define PACKAGE_TARNAME "avarice"
| #define PACKAGE_VERSION "2.6.20061222"
| #define PACKAGE_STRING "avarice 2.6.20061222"
| #define PACKAGE_BUGREPORT ""
| #define PACKAGE "avarice"
| #define VERSION "2.6.20061222"
| #define HAVE_LIBIBERTY 1
| #define HAVE_LIBBFD 1
| #define HAVE_LIBUSB 1
| /* end confdefs.h.  */
| #include <ac_nonexistent.h>
configure:4778: result: gcc -E
configure:4807: gcc -E  conftest.c
configure:4813: $? = 0
configure:4844: gcc -E  conftest.c
conftest.c:13:28: error: ac_nonexistent.h: No such file or directory
configure:4850: $? = 1
configure: failed program was:
| /* confdefs.h.  */
| #define PACKAGE_NAME "avarice"
| #define PACKAGE_TARNAME "avarice"
| #define PACKAGE_VERSION "2.6.20061222"
| #define PACKAGE_STRING "avarice 2.6.20061222"
| #define PACKAGE_BUGREPORT ""
| #define PACKAGE "avarice"
| #define VERSION "2.6.20061222"
| #define HAVE_LIBIBERTY 1
| #define HAVE_LIBBFD 1
| #define HAVE_LIBUSB 1
| /* end confdefs.h.  */
| #include <ac_nonexistent.h>
configure:4888: checking for grep that handles long lines and -e
configure:4962: result: /bin/grep
configure:4967: checking for egrep
configure:5045: result: /bin/grep -E
configure:5050: checking for ANSI C header files
configure:5080: gcc -c -g -O2  conftest.c >&5
configure:5086: $? = 0
configure:5185: gcc -o conftest -g -O2   conftest.c -lusb -lbfd -liberty  >&5
configure:5188: $? = 0
configure:5194: ./conftest
configure:5197: $? = 0
configure:5214: result: yes
configure:5238: checking for sys/types.h
configure:5259: gcc -c -g -O2  conftest.c >&5
configure:5265: $? = 0
configure:5281: result: yes
configure:5238: checking for sys/stat.h
configure:5259: gcc -c -g -O2  conftest.c >&5
configure:5265: $? = 0
configure:5281: result: yes
configure:5238: checking for stdlib.h
configure:5259: gcc -c -g -O2  conftest.c >&5
configure:5265: $? = 0
configure:5281: result: yes
configure:5238: checking for string.h
configure:5259: gcc -c -g -O2  conftest.c >&5
configure:5265: $? = 0
configure:5281: result: yes
configure:5238: checking for memory.h
configure:5259: gcc -c -g -O2  conftest.c >&5
configure:5265: $? = 0
configure:5281: result: yes
configure:5238: checking for strings.h
configure:5259: gcc -c -g -O2  conftest.c >&5
configure:5265: $? = 0
configure:5281: result: yes
configure:5238: checking for inttypes.h
configure:5259: gcc -c -g -O2  conftest.c >&5
configure:5265: $? = 0
configure:5281: result: yes
configure:5238: checking for stdint.h
configure:5259: gcc -c -g -O2  conftest.c >&5
configure:5265: $? = 0
configure:5281: result: yes
configure:5238: checking for unistd.h
configure:5259: gcc -c -g -O2  conftest.c >&5
configure:5265: $? = 0
configure:5281: result: yes
configure:5318: checking arpa/inet.h usability
configure:5335: gcc -c -g -O2  conftest.c >&5
configure:5341: $? = 0
configure:5355: result: yes
configure:5359: checking arpa/inet.h presence
configure:5374: gcc -E  conftest.c
configure:5380: $? = 0
configure:5394: result: yes
configure:5422: checking for arpa/inet.h
configure:5430: result: yes
configure:5318: checking fcntl.h usability
configure:5335: gcc -c -g -O2  conftest.c >&5
configure:5341: $? = 0
configure:5355: result: yes
configure:5359: checking fcntl.h presence
configure:5374: gcc -E  conftest.c
configure:5380: $? = 0
configure:5394: result: yes
configure:5422: checking for fcntl.h
configure:5430: result: yes
configure:5318: checking netdb.h usability
configure:5335: gcc -c -g -O2  conftest.c >&5
configure:5341: $? = 0
configure:5355: result: yes
configure:5359: checking netdb.h presence
configure:5374: gcc -E  conftest.c
configure:5380: $? = 0
configure:5394: result: yes
configure:5422: checking for netdb.h
configure:5430: result: yes
configure:5318: checking netinet/in.h usability
configure:5335: gcc -c -g -O2  conftest.c >&5
configure:5341: $? = 0
configure:5355: result: yes
configure:5359: checking netinet/in.h presence
configure:5374: gcc -E  conftest.c
configure:5380: $? = 0
configure:5394: result: yes
configure:5422: checking for netinet/in.h
configure:5430: result: yes
configure:5308: checking for stdlib.h
configure:5314: result: yes
configure:5308: checking for string.h
configure:5314: result: yes
configure:5318: checking sys/socket.h usability
configure:5335: gcc -c -g -O2  conftest.c >&5
configure:5341: $? = 0
configure:5355: result: yes
configure:5359: checking sys/socket.h presence
configure:5374: gcc -E  conftest.c
configure:5380: $? = 0
configure:5394: result: yes
configure:5422: checking for sys/socket.h
configure:5430: result: yes
configure:5318: checking sys/time.h usability
configure:5335: gcc -c -g -O2  conftest.c >&5
configure:5341: $? = 0
configure:5355: result: yes
configure:5359: checking sys/time.h presence
configure:5374: gcc -E  conftest.c
configure:5380: $? = 0
configure:5394: result: yes
configure:5422: checking for sys/time.h
configure:5430: result: yes
configure:5318: checking termios.h usability
configure:5335: gcc -c -g -O2  conftest.c >&5
configure:5341: $? = 0
configure:5355: result: yes
configure:5359: checking termios.h presence
configure:5374: gcc -E  conftest.c
configure:5380: $? = 0
configure:5394: result: yes
configure:5422: checking for termios.h
configure:5430: result: yes
configure:5308: checking for unistd.h
configure:5314: result: yes
configure:5318: checking bfd.h usability
configure:5335: gcc -c -g -O2  conftest.c >&5
configure:5341: $? = 0
configure:5355: result: yes
configure:5359: checking bfd.h presence
configure:5374: gcc -E  conftest.c
configure:5380: $? = 0
configure:5394: result: yes
configure:5422: checking for bfd.h
configure:5430: result: yes
configure:5445: checking for stdbool.h that conforms to C99
configure:5538: gcc -c -g -O2  conftest.c >&5
configure:5544: $? = 0
configure:5559: result: yes
configure:5561: checking for _Bool
configure:5591: gcc -c -g -O2  conftest.c >&5
configure:5597: $? = 0
configure:5612: result: yes
configure:5631: checking for an ANSI C-conforming const
configure:5706: gcc -c -g -O2  conftest.c >&5
configure:5712: $? = 0
configure:5727: result: yes
configure:5737: checking for size_t
configure:5767: gcc -c -g -O2  conftest.c >&5
configure:5773: $? = 0
configure:5788: result: yes
configure:5800: checking whether time.h and sys/time.h may both be included
configure:5830: gcc -c -g -O2  conftest.c >&5
configure:5836: $? = 0
configure:5851: result: yes
configure:5861: checking whether struct tm is in sys/time.h or time.h
configure:5891: gcc -c -g -O2  conftest.c >&5
configure:5897: $? = 0
configure:5912: result: time.h
configure:5924: checking for socklen_t
configure:5952: gcc -c -g -O2  conftest.c >&5
configure:5958: $? = 0
configure:5974: result: yes
configure:5986: checking for error_at_line
configure:6012: gcc -o conftest -g -O2   conftest.c -lusb -lbfd -liberty  >&5
configure:6018: $? = 0
configure:6035: result: yes
configure:6046: checking for pid_t
configure:6076: gcc -c -g -O2  conftest.c >&5
configure:6082: $? = 0
configure:6097: result: yes
configure:6124: checking vfork.h usability
configure:6141: gcc -c -g -O2  conftest.c >&5
conftest.c:70:19: error: vfork.h: No such file or directory
configure:6147: $? = 1
configure: failed program was:
| /* confdefs.h.  */
| #define PACKAGE_NAME "avarice"
| #define PACKAGE_TARNAME "avarice"
| #define PACKAGE_VERSION "2.6.20061222"
| #define PACKAGE_STRING "avarice 2.6.20061222"
| #define PACKAGE_BUGREPORT ""
| #define PACKAGE "avarice"
| #define VERSION "2.6.20061222"
| #define HAVE_LIBIBERTY 1
| #define HAVE_LIBBFD 1
| #define HAVE_LIBUSB 1
| #define STDC_HEADERS 1
| #define HAVE_SYS_TYPES_H 1
| #define HAVE_SYS_STAT_H 1
| #define HAVE_STDLIB_H 1
| #define HAVE_STRING_H 1
| #define HAVE_MEMORY_H 1
| #define HAVE_STRINGS_H 1
| #define HAVE_INTTYPES_H 1
| #define HAVE_STDINT_H 1
| #define HAVE_UNISTD_H 1
| #define HAVE_ARPA_INET_H 1
| #define HAVE_FCNTL_H 1
| #define HAVE_NETDB_H 1
| #define HAVE_NETINET_IN_H 1
| #define HAVE_STDLIB_H 1
| #define HAVE_STRING_H 1
| #define HAVE_SYS_SOCKET_H 1
| #define HAVE_SYS_TIME_H 1
| #define HAVE_TERMIOS_H 1
| #define HAVE_UNISTD_H 1
| #define HAVE_BFD_H 1
| #define HAVE__BOOL 1
| #define HAVE_STDBOOL_H 1
| #define TIME_WITH_SYS_TIME 1
| /* end confdefs.h.  */
| #include <stdio.h>
| #ifdef HAVE_SYS_TYPES_H
| # include <sys/types.h>
| #endif
| #ifdef HAVE_SYS_STAT_H
| # include <sys/stat.h>
| #endif
| #ifdef STDC_HEADERS
| # include <stdlib.h>
| # include <stddef.h>
| #else
| # ifdef HAVE_STDLIB_H
| #  include <stdlib.h>
| # endif
| #endif
| #ifdef HAVE_STRING_H
| # if !defined STDC_HEADERS && defined HAVE_MEMORY_H
| #  include <memory.h>
| # endif
| # include <string.h>
| #endif
| #ifdef HAVE_STRINGS_H
| # include <strings.h>
| #endif
| #ifdef HAVE_INTTYPES_H
| # include <inttypes.h>
| #endif
| #ifdef HAVE_STDINT_H
| # include <stdint.h>
| #endif
| #ifdef HAVE_UNISTD_H
| # include <unistd.h>
| #endif
| #include <vfork.h>
configure:6161: result: no
configure:6165: checking vfork.h presence
configure:6180: gcc -E  conftest.c
conftest.c:37:19: error: vfork.h: No such file or directory
configure:6186: $? = 1
configure: failed program was:
| /* confdefs.h.  */
| #define PACKAGE_NAME "avarice"
| #define PACKAGE_TARNAME "avarice"
| #define PACKAGE_VERSION "2.6.20061222"
| #define PACKAGE_STRING "avarice 2.6.20061222"
| #define PACKAGE_BUGREPORT ""
| #define PACKAGE "avarice"
| #define VERSION "2.6.20061222"
| #define HAVE_LIBIBERTY 1
| #define HAVE_LIBBFD 1
| #define HAVE_LIBUSB 1
| #define STDC_HEADERS 1
| #define HAVE_SYS_TYPES_H 1
| #define HAVE_SYS_STAT_H 1
| #define HAVE_STDLIB_H 1
| #define HAVE_STRING_H 1
| #define HAVE_MEMORY_H 1
| #define HAVE_STRINGS_H 1
| #define HAVE_INTTYPES_H 1
| #define HAVE_STDINT_H 1
| #define HAVE_UNISTD_H 1
| #define HAVE_ARPA_INET_H 1
| #define HAVE_FCNTL_H 1
| #define HAVE_NETDB_H 1
| #define HAVE_NETINET_IN_H 1
| #define HAVE_STDLIB_H 1
| #define HAVE_STRING_H 1
| #define HAVE_SYS_SOCKET_H 1
| #define HAVE_SYS_TIME_H 1
| #define HAVE_TERMIOS_H 1
| #define HAVE_UNISTD_H 1
| #define HAVE_BFD_H 1
| #define HAVE__BOOL 1
| #define HAVE_STDBOOL_H 1
| #define TIME_WITH_SYS_TIME 1
| /* end confdefs.h.  */
| #include <vfork.h>
configure:6200: result: no
configure:6228: checking for vfork.h
configure:6236: result: no
configure:6254: checking for fork
configure:6310: gcc -o conftest -g -O2   conftest.c -lusb -lbfd -liberty  >&5
conftest.c:60: warning: conflicting types for built-in function 'fork'
configure:6316: $? = 0
configure:6334: result: yes
configure:6254: checking for vfork
configure:6310: gcc -o conftest -g -O2   conftest.c -lusb -lbfd -liberty  >&5
configure:6316: $? = 0
configure:6334: result: yes
configure:6345: checking for working fork
configure:6377: gcc -o conftest -g -O2   conftest.c -lusb -lbfd -liberty  >&5
configure:6380: $? = 0
configure:6386: ./conftest
configure:6389: $? = 0
configure:6405: result: yes
configure:6426: checking for working vfork
configure:6564: result: yes
configure:6595: checking for working memcmp
configure:6648: gcc -o conftest -g -O2   conftest.c -lusb -lbfd -liberty  >&5
configure:6651: $? = 0
configure:6657: ./conftest
configure:6660: $? = 0
configure:6676: result: yes
configure:6701: checking sys/select.h usability
configure:6718: gcc -c -g -O2  conftest.c >&5
configure:6724: $? = 0
configure:6738: result: yes
configure:6742: checking sys/select.h presence
configure:6757: gcc -E  conftest.c
configure:6763: $? = 0
configure:6777: result: yes
configure:6805: checking for sys/select.h
configure:6813: result: yes
configure:6691: checking for sys/socket.h
configure:6697: result: yes
configure:6826: checking types of arguments for select
configure:6864: gcc -c -g -O2  conftest.c >&5
configure:6870: $? = 0
configure:6891: result: int,fd_set *,struct timeval *
configure:6914: checking whether lstat dereferences a symlink specified with a trailing slash
configure:6950: gcc -o conftest -g -O2   conftest.c -lusb -lbfd -liberty  >&5
configure:6953: $? = 0
configure:6959: ./conftest
configure:6962: $? = 0
configure:6985: result: yes
configure:7004: checking whether stat accepts an empty string
configure:7034: gcc -o conftest -g -O2   conftest.c -lusb -lbfd -liberty  >&5
configure:7037: $? = 0
configure:7043: ./conftest
configure:7046: $? = 0
configure:7062: result: no
configure:7082: checking for vprintf
configure:7138: gcc -o conftest -g -O2   conftest.c -lusb -lbfd -liberty  >&5
conftest.c:70: warning: conflicting types for built-in function 'vprintf'
configure:7144: $? = 0
configure:7162: result: yes
configure:7169: checking for _doprnt
configure:7225: gcc -o conftest -g -O2   conftest.c -lusb -lbfd -liberty  >&5
/tmp/ccOwA2ME.o: In function `main':
/home/bene/projects/avrjtag/avarice/conftest.c:82: undefined reference to `_doprnt'
collect2: ld returned 1 exit status
configure:7231: $? = 1
configure: failed program was:
| /* confdefs.h.  */
| #define PACKAGE_NAME "avarice"
| #define PACKAGE_TARNAME "avarice"
| #define PACKAGE_VERSION "2.6.20061222"
| #define PACKAGE_STRING "avarice 2.6.20061222"
| #define PACKAGE_BUGREPORT ""
| #define PACKAGE "avarice"
| #define VERSION "2.6.20061222"
| #define HAVE_LIBIBERTY 1
| #define HAVE_LIBBFD 1
| #define HAVE_LIBUSB 1
| #define STDC_HEADERS 1
| #define HAVE_SYS_TYPES_H 1
| #define HAVE_SYS_STAT_H 1
| #define HAVE_STDLIB_H 1
| #define HAVE_STRING_H 1
| #define HAVE_MEMORY_H 1
| #define HAVE_STRINGS_H 1
| #define HAVE_INTTYPES_H 1
| #define HAVE_STDINT_H 1
| #define HAVE_UNISTD_H 1
| #define HAVE_ARPA_INET_H 1
| #define HAVE_FCNTL_H 1
| #define HAVE_NETDB_H 1
| #define HAVE_NETINET_IN_H 1
| #define HAVE_STDLIB_H 1
| #define HAVE_STRING_H 1
| #define HAVE_SYS_SOCKET_H 1
| #define HAVE_SYS_TIME_H 1
| #define HAVE_TERMIOS_H 1
| #define HAVE_UNISTD_H 1
| #define HAVE_BFD_H 1
| #define HAVE__BOOL 1
| #define HAVE_STDBOOL_H 1
| #define TIME_WITH_SYS_TIME 1
| #define HAVE_FORK 1
| #define HAVE_VFORK 1
| #define HAVE_WORKING_VFORK 1
| #define HAVE_WORKING_FORK 1
| #define HAVE_SYS_SELECT_H 1
| #define HAVE_SYS_SOCKET_H 1
| #define SELECT_TYPE_ARG1 int
| #define SELECT_TYPE_ARG234 (fd_set *)
| #define SELECT_TYPE_ARG5 (struct timeval *)
| #define LSTAT_FOLLOWS_SLASHED_SYMLINK 1
| #define HAVE_VPRINTF 1
| /* end confdefs.h.  */
| /* Define _doprnt to an innocuous variant, in case <limits.h> declares _doprnt.
|    For example, HP-UX 11i <limits.h> declares gettimeofday.  */
| #define _doprnt innocuous__doprnt
| 
| /* System header to define __stub macros and hopefully few prototypes,
|     which can conflict with char _doprnt (); below.
|     Prefer <limits.h> to <assert.h> if __STDC__ is defined, since
|     <limits.h> exists even on freestanding compilers.  */
| 
| #ifdef __STDC__
| # include <limits.h>
| #else
| # include <assert.h>
| #endif
| 
| #undef _doprnt
| 
| /* Override any GCC internal prototype to avoid an error.
|    Use char because int might match the return type of a GCC
|    builtin and then its argument prototype would still apply.  */
| #ifdef __cplusplus
| extern "C"
| #endif
| char _doprnt ();
| /* The GNU C library defines this for functions which it implements
|     to always fail with ENOSYS.  Some functions are actually named
|     something starting with __ and the normal name is an alias.  */
| #if defined __stub__doprnt || defined __stub____doprnt
| choke me
| #endif
| 
| int
| main ()
| {
| return _doprnt ();
|   ;
|   return 0;
| }
configure:7248: result: no
configure:7275: checking for atexit
configure:7331: gcc -o conftest -g -O2   conftest.c -lusb -lbfd -liberty  >&5
configure:7337: $? = 0
configure:7355: result: yes
configure:7275: checking for gethostbyname
configure:7331: gcc -o conftest -g -O2   conftest.c -lusb -lbfd -liberty  >&5
configure:7337: $? = 0
configure:7355: result: yes
configure:7275: checking for inet_ntoa
configure:7331: gcc -o conftest -g -O2   conftest.c -lusb -lbfd -liberty  >&5
configure:7337: $? = 0
configure:7355: result: yes
configure:7275: checking for memmove
configure:7331: gcc -o conftest -g -O2   conftest.c -lusb -lbfd -liberty  >&5
conftest.c:74: warning: conflicting types for built-in function 'memmove'
configure:7337: $? = 0
configure:7355: result: yes
configure:7275: checking for memset
configure:7331: gcc -o conftest -g -O2   conftest.c -lusb -lbfd -liberty  >&5
conftest.c:75: warning: conflicting types for built-in function 'memset'
configure:7337: $? = 0
configure:7355: result: yes
configure:7275: checking for select
configure:7331: gcc -o conftest -g -O2   conftest.c -lusb -lbfd -liberty  >&5
configure:7337: $? = 0
configure:7355: result: yes
configure:7275: checking for socket
configure:7355: result: yes
configure:7275: checking for strcasecmp
configure:7331: gcc -o conftest -g -O2   conftest.c -lusb -lbfd -liberty  >&5
conftest.c:78: warning: conflicting types for built-in function 'strcasecmp'
configure:7337: $? = 0
configure:7355: result: yes
configure:7275: checking for strerror
configure:7331: gcc -o conftest -g -O2   conftest.c -lusb -lbfd -liberty  >&5
configure:7337: $? = 0
configure:7355: result: yes
configure:7275: checking for strtol
configure:7331: gcc -o conftest -g -O2   conftest.c -lusb -lbfd -liberty  >&5
configure:7337: $? = 0
configure:7355: result: yes
configure:7489: creating ./config.status

## ---------------------- ##
## Running config.status. ##
## ---------------------- ##

This file was extended by avarice config.status 2.6.20061222, which was
generated by GNU Autoconf 2.61.  Invocation command line was

  CONFIG_FILES    = 
  CONFIG_HEADERS  = 
  CONFIG_LINKS    = 
  CONFIG_COMMANDS = 
  $ ./config.status 

on big

config.status:645: creating scripts/Makefile
config.status:645: creating scripts/ice-gdb
config.status:780: WARNING:  scripts/ice-gdb.in seems to ignore the --datarootdir setting
config.status:645: creating src/Makefile
config.status:645: creating doc/Makefile
config.status:645: creating avarice.spec
config.status:645: creating Makefile
config.status:645: creating src/autoconf.h
config.status:957: executing depfiles commands

## ---------------- ##
## Cache variables. ##
## ---------------- ##

ac_cv_c_compiler_gnu=yes
ac_cv_c_const=yes
ac_cv_cxx_compiler_gnu=yes
ac_cv_env_CCC_set=
ac_cv_env_CCC_value=
ac_cv_env_CC_set=
ac_cv_env_CC_value=
ac_cv_env_CFLAGS_set=
ac_cv_env_CFLAGS_value=
ac_cv_env_CPPFLAGS_set=
ac_cv_env_CPPFLAGS_value=
ac_cv_env_CPP_set=
ac_cv_env_CPP_value=
ac_cv_env_CXXFLAGS_set=
ac_cv_env_CXXFLAGS_value=
ac_cv_env_CXX_set=
ac_cv_env_CXX_value=
ac_cv_env_LDFLAGS_set=
ac_cv_env_LDFLAGS_value=
ac_cv_env_LIBS_set=
ac_cv_env_LIBS_value=
ac_cv_env_build_alias_set=
ac_cv_env_build_alias_value=
ac_cv_env_host_alias_set=
ac_cv_env_host_alias_value=
ac_cv_env_target_alias_set=
ac_cv_env_target_alias_value=
ac_cv_func__doprnt=no
ac_cv_func_atexit=yes
ac_cv_func_fork=yes
ac_cv_func_fork_works=yes
ac_cv_func_gethostbyname=yes
ac_cv_func_inet_ntoa=yes
ac_cv_func_lstat_dereferences_slashed_symlink=yes
ac_cv_func_memcmp_working=yes
ac_cv_func_memmove=yes
ac_cv_func_memset=yes
ac_cv_func_select=yes
ac_cv_func_select_args='int,fd_set *,struct timeval *'
ac_cv_func_socket=yes
ac_cv_func_stat_empty_string_bug=no
ac_cv_func_strcasecmp=yes
ac_cv_func_strerror=yes
ac_cv_func_strtol=yes
ac_cv_func_vfork=yes
ac_cv_func_vfork_works=yes
ac_cv_func_vprintf=yes
ac_cv_header_arpa_inet_h=yes
ac_cv_header_bfd_h=yes
ac_cv_header_fcntl_h=yes
ac_cv_header_inttypes_h=yes
ac_cv_header_memory_h=yes
ac_cv_header_netdb_h=yes
ac_cv_header_netinet_in_h=yes
ac_cv_header_stdbool_h=yes
ac_cv_header_stdc=yes
ac_cv_header_stdint_h=yes
ac_cv_header_stdlib_h=yes
ac_cv_header_string_h=yes
ac_cv_header_strings_h=yes
ac_cv_header_sys_select_h=yes
ac_cv_header_sys_socket_h=yes
ac_cv_header_sys_stat_h=yes
ac_cv_header_sys_time_h=yes
ac_cv_header_sys_types_h=yes
ac_cv_header_termios_h=yes
ac_cv_header_time=yes
ac_cv_header_unistd_h=yes
ac_cv_header_vfork_h=no
ac_cv_lib_bfd_bfd_init=yes
ac_cv_lib_error_at_line=yes
ac_cv_lib_iberty_xmalloc=yes
ac_cv_lib_iconv_iconv_open=no
ac_cv_lib_iconv_libiconv_open=no
ac_cv_lib_intl_dcgettext=no
ac_cv_lib_usb_usb_get_string_simple=yes
ac_cv_objext=o
ac_cv_path_EGREP='/bin/grep -E'
ac_cv_path_GREP=/bin/grep
ac_cv_path_install='/usr/bin/install -c'
ac_cv_path_pathperl=/usr/bin/perl
ac_cv_prog_AWK=gawk
ac_cv_prog_CPP='gcc -E'
ac_cv_prog_ac_ct_CC=gcc
ac_cv_prog_ac_ct_CXX=g++
ac_cv_prog_cc_c89=
ac_cv_prog_cc_g=yes
ac_cv_prog_cxx_g=yes
ac_cv_prog_make_make_set=yes
ac_cv_search_gethostbyname='none required'
ac_cv_search_inet_aton='none required'
ac_cv_struct_tm=time.h
ac_cv_type__Bool=yes
ac_cv_type_pid_t=yes
ac_cv_type_size_t=yes
ac_cv_type_socklen_t=yes
am_cv_CC_dependencies_compiler_type=gcc3
am_cv_CXX_dependencies_compiler_type=gcc3

## ----------------- ##
## Output variables. ##
## ----------------- ##

ACLOCAL='${SHELL} /home/bene/projects/avrjtag/avarice/config-aux/missing --run aclocal-1.9'
AMDEPBACKSLASH='\'
AMDEP_FALSE='#'
AMDEP_TRUE=''
AMTAR='${SHELL} /home/bene/projects/avrjtag/avarice/config-aux/missing --run tar'
AUTOCONF='${SHELL} /home/bene/projects/avrjtag/avarice/config-aux/missing --run autoconf'
AUTOHEADER='${SHELL} /home/bene/projects/avrjtag/avarice/config-aux/missing --run autoheader'
AUTOMAKE='${SHELL} /home/bene/projects/avrjtag/avarice/config-aux/missing --run automake-1.9'
AWK='gawk'
CC='gcc'
CCDEPMODE='depmode=gcc3'
CFLAGS='-g -O2'
CPP='gcc -E'
CPPFLAGS=''
CXX='g++'
CXXDEPMODE='depmode=gcc3'
CXXFLAGS='-g -O2'
CYGPATH_W='echo'
DEFS='-DHAVE_CONFIG_H'
DEPDIR='.deps'
ECHO_C=''
ECHO_N='-n'
ECHO_T=''
EGREP='/bin/grep -E'
EXEEXT=''
GREP='/bin/grep'
INSTALL_DATA='${INSTALL} -m 644'
INSTALL_PROGRAM='${INSTALL}'
INSTALL_SCRIPT='${INSTALL}'
INSTALL_STRIP_PROGRAM='${SHELL} $(install_sh) -c -s'
LDFLAGS=''
LIBOBJS=''
LIBS='-lusb -lbfd -liberty '
LTLIBOBJS=''
MAKEINFO='${SHELL} /home/bene/projects/avrjtag/avarice/config-aux/missing --run makeinfo'
OBJEXT='o'
PACKAGE='avarice'
PACKAGE_BUGREPORT=''
PACKAGE_NAME='avarice'
PACKAGE_STRING='avarice 2.6.20061222'
PACKAGE_TARNAME='avarice'
PACKAGE_VERSION='2.6.20061222'
PATH_SEPARATOR=':'
SET_MAKE=''
SHELL='/bin/sh'
STRIP=''
VERSION='2.6.20061222'
ac_ct_CC='gcc'
ac_ct_CXX='g++'
am__fastdepCC_FALSE='#'
am__fastdepCC_TRUE=''
am__fastdepCXX_FALSE='#'
am__fastdepCXX_TRUE=''
am__include='include'
am__leading_dot='.'
am__quote=''
am__tar='${AMTAR} chof - "$$tardir"'
am__untar='${AMTAR} xf -'
bindir='${exec_prefix}/bin'
build_alias=''
datadir='${datarootdir}'
datarootdir='${prefix}/share'
docdir='${datarootdir}/doc/${PACKAGE_TARNAME}'
dvidir='${docdir}'
exec_prefix='${prefix}'
host_alias=''
htmldir='${docdir}'
includedir='${prefix}/include'
infodir='${datarootdir}/info'
install_sh='/home/bene/projects/avrjtag/avarice/config-aux/install-sh'
libdir='${exec_prefix}/lib'
libexecdir='${exec_prefix}/libexec'
localedir='${datarootdir}/locale'
localstatedir='${prefix}/var'
mandir='${datarootdir}/man'
mkdir_p='mkdir -p --'
oldincludedir='/usr/include'
pathperl='/usr/bin/perl'
pdfdir='${docdir}'
prefix='/usr/local'
program_transform_name='s,x,x,'
psdir='${docdir}'
sbindir='${exec_prefix}/sbin'
sharedstatedir='${prefix}/com'
sysconfdir='${prefix}/etc'
target_alias=''

## ----------- ##
## confdefs.h. ##
## ----------- ##

#define PACKAGE_NAME "avarice"
#define PACKAGE_TARNAME "avarice"
#define PACKAGE_VERSION "2.6.20061222"
#define PACKAGE_STRING "avarice 2.6.20061222"
#define PACKAGE_BUGREPORT ""
#define PACKAGE "avarice"
#define VERSION "2.6.20061222"
#define HAVE_LIBIBERTY 1
#define HAVE_LIBBFD 1
#define HAVE_LIBUSB 1
#define STDC_HEADERS 1
#define HAVE_SYS_TYPES_H 1
#define HAVE_SYS_STAT_H 1
#define HAVE_STDLIB_H 1
#define HAVE_STRING_H 1
#define HAVE_MEMORY_H 1
#define HAVE_STRINGS_H 1
#define HAVE_INTTYPES_H 1
#define HAVE_STDINT_H 1
#define HAVE_UNISTD_H 1
#define HAVE_ARPA_INET_H 1
#define HAVE_FCNTL_H 1
#define HAVE_NETDB_H 1
#define HAVE_NETINET_IN_H 1
#define HAVE_STDLIB_H 1
#define HAVE_STRING_H 1
#define HAVE_SYS_SOCKET_H 1
#define HAVE_SYS_TIME_H 1
#define HAVE_TERMIOS_H 1
#define HAVE_UNISTD_H 1
#define HAVE_BFD_H 1
#define HAVE__BOOL 1
#define HAVE_STDBOOL_H 1
#define TIME_WITH_SYS_TIME 1
#define HAVE_FORK 1
#define HAVE_VFORK 1
#define HAVE_WORKING_VFORK 1
#define HAVE_WORKING_FORK 1
#define HAVE_SYS_SELECT_H 1
#define HAVE_SYS_SOCKET_H 1
#define SELECT_TYPE_ARG1 int
#define SELECT_TYPE_ARG234 (fd_set *)
#define SELECT_TYPE_ARG5 (struct timeval *)
#define LSTAT_FOLLOWS_SLASHED_SYMLINK 1
#define HAVE_VPRINTF 1
#define HAVE_ATEXIT 1
#define HAVE_GETHOSTBYNAME 1
#define HAVE_INET_NTOA 1
#define HAVE_MEMMOVE 1
#define HAVE_MEMSET 1
#define HAVE_SELECT 1
#define HAVE_SOCKET 1
#define HAVE_STRCASECMP 1
#define HAVE_STRERROR 1
#define HAVE_STRTOL 1

configure: exit 0

## ---------------------- ##
## Running config.status. ##
## ---------------------- ##

This file was extended by avarice config.status 2.6.20061222, which was
generated by GNU Autoconf 2.61.  Invocation command line was

  CONFIG_FILES    = 
  CONFIG_HEADERS  = 
  CONFIG_LINKS    = 
  CONFIG_COMMANDS = 
  $ ./config.status scripts/ice-gdb

on big

config.status:645: creating scripts/ice-gdb
config.status:780: WARNING:  scripts/ice-gdb.in seems to ignore the --datarootdir setting

## ---------------------- ##
## Running config.status. ##
## ---------------------- ##

This file was extended by avarice config.status 2.6.20061222, which was
generated by GNU Autoconf 2.61.  Invocation command line was

  CONFIG_FILES    = 
  CONFIG_HEADERS  = 
  CONFIG_LINKS    = 
  CONFIG_COMMANDS = 
  $ ./config.status src/autoconf.h

on big

config.status:645: creating src/autoconf.h
config.status:911: src/autoconf.h is unchanged
