This file contains any messages produced by compilers while
running configure, to aid debugging if configure makes a mistake.

It was created by configure, which was
generated by GNU Autoconf 2.61.  Invocation command line was

  $ ./configure 

## --------- ##
## Platform. ##
## --------- ##

hostname = big
uname -m = i686
uname -r = 2.6.18.2
uname -s = Linux
uname -v = #13 PREEMPT Sat Oct 20 10:06:40 CEST 2007

/usr/bin/uname -p = unknown
/bin/uname -X     = unknown

/bin/arch              = unknown
/usr/bin/arch -k       = unknown
/usr/convex/getsysinfo = unknown
/usr/bin/hostinfo      = unknown
/bin/machine           = unknown
/usr/bin/oslevel       = unknown
/bin/universe          = unknown

PATH: /usr/local/bin
PATH: /usr/bin
PATH: /bin
PATH: /usr/bin/X11
PATH: /usr/games
PATH: /home/bene/Xilinx/bin/lin
PATH: /usr/local/AVR/bin
PATH: /usr/local/arm/bin
PATH: /usr/local/bin
PATH: /usr/bin
PATH: /bin
PATH: /usr/bin/X11
PATH: /usr/games
PATH: /home/bene/Xilinx/bin/lin
PATH: /usr/local/AVR/bin
PATH: /usr/local/arm/bin
PATH: /usr/local/bin
PATH: /usr/bin
PATH: /bin
PATH: /usr/bin/X11
PATH: /usr/games
PATH: /home/bene/Xilinx/bin/lin
PATH: /usr/local/AVR/bin


## ----------- ##
## Core tests. ##
## ----------- ##

configure:1772: checking for a BSD-compatible install
configure:1828: result: /usr/bin/install -c
configure:1839: checking whether build environment is sane
configure:1882: result: yes
configure:1947: checking for gawk
configure:1963: found /usr/bin/gawk
configure:1974: result: gawk
configure:1985: checking whether make sets $(MAKE)
configure:2006: result: yes
configure:2205: checking build system type
configure:2223: result: i686-pc-linux-gnu
configure:2245: checking host system type
configure:2260: result: i686-pc-linux-gnu
configure:2296: checking for a BSD-compatible install
configure:2352: result: /usr/bin/install -c
configure:2411: checking for gcc
configure:2427: found /usr/bin/gcc
configure:2438: result: gcc
configure:2676: checking for C compiler version
configure:2683: gcc --version >&5
gcc (GCC) 4.1.2 20061115 (prerelease) (Debian 4.1.1-21)
Copyright (C) 2006 Free Software Foundation, Inc.
This is free software; see the source for copying conditions.  There is NO
warranty; not even for MERCHANTABILITY or FITNESS FOR A PARTICULAR PURPOSE.

configure:2686: $? = 0
configure:2693: gcc -v >&5
Using built-in specs.
Target: i486-linux-gnu
Configured with: ../src/configure -v --enable-languages=c,c++,fortran,objc,obj-c++,treelang --prefix=/usr --enable-shared --with-system-zlib --libexecdir=/usr/lib --without-included-gettext --enable-threads=posix --enable-nls --program-suffix=-4.1 --enable-__cxa_atexit --enable-clocale=gnu --enable-libstdcxx-debug --enable-mpfr --with-tune=i686 --enable-checking=release i486-linux-gnu
Thread model: posix
gcc version 4.1.2 20061115 (prerelease) (Debian 4.1.1-21)
configure:2696: $? = 0
configure:2703: gcc -V >&5
gcc: '-V' option must have argument
configure:2706: $? = 1
configure:2729: checking for C compiler default output file name
configure:2756: gcc    conftest.c  >&5
configure:2759: $? = 0
configure:2797: result: a.out
configure:2814: checking whether the C compiler works
configure:2824: ./a.out
configure:2827: $? = 0
configure:2844: result: yes
configure:2851: checking whether we are cross compiling
configure:2853: result: no
configure:2856: checking for suffix of executables
configure:2863: gcc -o conftest    conftest.c  >&5
configure:2866: $? = 0
configure:2890: result: 
configure:2896: checking for suffix of object files
configure:2922: gcc -c   conftest.c >&5
configure:2925: $? = 0
configure:2948: result: o
configure:2952: checking whether we are using the GNU C compiler
configure:2981: gcc -c   conftest.c >&5
configure:2987: $? = 0
configure:3004: result: yes
configure:3009: checking whether gcc accepts -g
configure:3039: gcc -c -g  conftest.c >&5
configure:3045: $? = 0
configure:3144: result: yes
configure:3161: checking for gcc option to accept ISO C89
configure:3235: gcc  -c -g -O2  conftest.c >&5
configure:3241: $? = 0
configure:3264: result: none needed
configure:3293: checking for style of include used by make
configure:3321: result: GNU
configure:3349: checking dependency style of gcc
configure:3439: result: gcc3
configure:3464: checking how to run the C preprocessor
configure:3504: gcc -E  conftest.c
configure:3510: $? = 0
configure:3541: gcc -E  conftest.c
conftest.c:10:28: error: ac_nonexistent.h: No such file or directory
configure:3547: $? = 1
configure: failed program was:
| /* confdefs.h.  */
| #define PACKAGE_NAME ""
| #define PACKAGE_TARNAME ""
| #define PACKAGE_VERSION ""
| #define PACKAGE_STRING ""
| #define PACKAGE_BUGREPORT ""
| #define PACKAGE "usbproglogic"
| #define VERSION "0.1.0"
| /* end confdefs.h.  */
| #include <ac_nonexistent.h>
configure:3580: result: gcc -E
configure:3609: gcc -E  conftest.c
configure:3615: $? = 0
configure:3646: gcc -E  conftest.c
conftest.c:10:28: error: ac_nonexistent.h: No such file or directory
configure:3652: $? = 1
configure: failed program was:
| /* confdefs.h.  */
| #define PACKAGE_NAME ""
| #define PACKAGE_TARNAME ""
| #define PACKAGE_VERSION ""
| #define PACKAGE_STRING ""
| #define PACKAGE_BUGREPORT ""
| #define PACKAGE "usbproglogic"
| #define VERSION "0.1.0"
| /* end confdefs.h.  */
| #include <ac_nonexistent.h>
configure:3690: checking for grep that handles long lines and -e
configure:3764: result: /bin/grep
configure:3769: checking for egrep
configure:3847: result: /bin/grep -E
configure:3852: checking for ANSI C header files
configure:3882: gcc -c -g -O2  conftest.c >&5
configure:3888: $? = 0
configure:3987: gcc -o conftest -g -O2   conftest.c  >&5
configure:3990: $? = 0
configure:3996: ./conftest
configure:3999: $? = 0
configure:4016: result: yes
configure:4040: checking for sys/types.h
configure:4061: gcc -c -g -O2  conftest.c >&5
configure:4067: $? = 0
configure:4083: result: yes
configure:4040: checking for sys/stat.h
configure:4061: gcc -c -g -O2  conftest.c >&5
configure:4067: $? = 0
configure:4083: result: yes
configure:4040: checking for stdlib.h
configure:4061: gcc -c -g -O2  conftest.c >&5
configure:4067: $? = 0
configure:4083: result: yes
configure:4040: checking for string.h
configure:4061: gcc -c -g -O2  conftest.c >&5
configure:4067: $? = 0
configure:4083: result: yes
configure:4040: checking for memory.h
configure:4061: gcc -c -g -O2  conftest.c >&5
configure:4067: $? = 0
configure:4083: result: yes
configure:4040: checking for strings.h
configure:4061: gcc -c -g -O2  conftest.c >&5
configure:4067: $? = 0
configure:4083: result: yes
configure:4040: checking for inttypes.h
configure:4061: gcc -c -g -O2  conftest.c >&5
configure:4067: $? = 0
configure:4083: result: yes
configure:4040: checking for stdint.h
configure:4061: gcc -c -g -O2  conftest.c >&5
configure:4067: $? = 0
configure:4083: result: yes
configure:4040: checking for unistd.h
configure:4061: gcc -c -g -O2  conftest.c >&5
configure:4067: $? = 0
configure:4083: result: yes
configure:4113: checking for unistd.h
configure:4119: result: yes
configure:4123: checking sys/param.h usability
configure:4140: gcc -c -g -O2  conftest.c >&5
configure:4146: $? = 0
configure:4160: result: yes
configure:4164: checking sys/param.h presence
configure:4179: gcc -E  conftest.c
configure:4185: $? = 0
configure:4199: result: yes
configure:4227: checking for sys/param.h
configure:4235: result: yes
configure:4123: checking sys/time.h usability
configure:4140: gcc -c -g -O2  conftest.c >&5
configure:4146: $? = 0
configure:4160: result: yes
configure:4164: checking sys/time.h presence
configure:4179: gcc -E  conftest.c
configure:4185: $? = 0
configure:4199: result: yes
configure:4227: checking for sys/time.h
configure:4235: result: yes
configure:4123: checking time.h usability
configure:4140: gcc -c -g -O2  conftest.c >&5
configure:4146: $? = 0
configure:4160: result: yes
configure:4164: checking time.h presence
configure:4179: gcc -E  conftest.c
configure:4185: $? = 0
configure:4199: result: yes
configure:4227: checking for time.h
configure:4235: result: yes
configure:4123: checking sys/mkdev.h usability
configure:4140: gcc -c -g -O2  conftest.c >&5
conftest.c:57:23: error: sys/mkdev.h: No such file or directory
configure:4146: $? = 1
configure: failed program was:
| /* confdefs.h.  */
| #define PACKAGE_NAME ""
| #define PACKAGE_TARNAME ""
| #define PACKAGE_VERSION ""
| #define PACKAGE_STRING ""
| #define PACKAGE_BUGREPORT ""
| #define PACKAGE "usbproglogic"
| #define VERSION "0.1.0"
| #define STDC_HEADERS 1
| #define HAVE_SYS_TYPES_H 1
| #define HAVE_SYS_STAT_H 1
| #define HAVE_STDLIB_H 1
| #define HAVE_STRING_H 1
| #define HAVE_MEMORY_H 1
| #define HAVE_STRINGS_H 1
| #define HAVE_INTTYPES_H 1
| #define HAVE_STDINT_H 1
| #define HAVE_UNISTD_H 1
| #define HAVE_UNISTD_H 1
| #define HAVE_SYS_PARAM_H 1
| #define HAVE_SYS_TIME_H 1
| #define HAVE_TIME_H 1
| /* end confdefs.h.  */
| #include <stdio.h>
| #ifdef HAVE_SYS_TYPES_H
| # include <sys/types.h>
| #endif
| #ifdef HAVE_SYS_STAT_H
| # include <sys/stat.h>
| #endif
| #ifdef STDC_HEADERS
| # include <stdlib.h>
| # include <stddef.h>
| #else
| # ifdef HAVE_STDLIB_H
| #  include <stdlib.h>
| # endif
| #endif
| #ifdef HAVE_STRING_H
| # if !defined STDC_HEADERS && defined HAVE_MEMORY_H
| #  include <memory.h>
| # endif
| # include <string.h>
| #endif
| #ifdef HAVE_STRINGS_H
| # include <strings.h>
| #endif
| #ifdef HAVE_INTTYPES_H
| # include <inttypes.h>
| #endif
| #ifdef HAVE_STDINT_H
| # include <stdint.h>
| #endif
| #ifdef HAVE_UNISTD_H
| # include <unistd.h>
| #endif
| #include <sys/mkdev.h>
configure:4160: result: no
configure:4164: checking sys/mkdev.h presence
configure:4179: gcc -E  conftest.c
conftest.c:24:23: error: sys/mkdev.h: No such file or directory
configure:4185: $? = 1
configure: failed program was:
| /* confdefs.h.  */
| #define PACKAGE_NAME ""
| #define PACKAGE_TARNAME ""
| #define PACKAGE_VERSION ""
| #define PACKAGE_STRING ""
| #define PACKAGE_BUGREPORT ""
| #define PACKAGE "usbproglogic"
| #define VERSION "0.1.0"
| #define STDC_HEADERS 1
| #define HAVE_SYS_TYPES_H 1
| #define HAVE_SYS_STAT_H 1
| #define HAVE_STDLIB_H 1
| #define HAVE_STRING_H 1
| #define HAVE_MEMORY_H 1
| #define HAVE_STRINGS_H 1
| #define HAVE_INTTYPES_H 1
| #define HAVE_STDINT_H 1
| #define HAVE_UNISTD_H 1
| #define HAVE_UNISTD_H 1
| #define HAVE_SYS_PARAM_H 1
| #define HAVE_SYS_TIME_H 1
| #define HAVE_TIME_H 1
| /* end confdefs.h.  */
| #include <sys/mkdev.h>
configure:4199: result: no
configure:4227: checking for sys/mkdev.h
configure:4235: result: no
configure:4123: checking sys/sysmacros.h usability
configure:4140: gcc -c -g -O2  conftest.c >&5
configure:4146: $? = 0
configure:4160: result: yes
configure:4164: checking sys/sysmacros.h presence
configure:4179: gcc -E  conftest.c
configure:4185: $? = 0
configure:4199: result: yes
configure:4227: checking for sys/sysmacros.h
configure:4235: result: yes
configure:4113: checking for string.h
configure:4119: result: yes
configure:4113: checking for memory.h
configure:4119: result: yes
configure:4123: checking fcntl.h usability
configure:4140: gcc -c -g -O2  conftest.c >&5
configure:4146: $? = 0
configure:4160: result: yes
configure:4164: checking fcntl.h presence
configure:4179: gcc -E  conftest.c
configure:4185: $? = 0
configure:4199: result: yes
configure:4227: checking for fcntl.h
configure:4235: result: yes
configure:4123: checking dirent.h usability
configure:4140: gcc -c -g -O2  conftest.c >&5
configure:4146: $? = 0
configure:4160: result: yes
configure:4164: checking dirent.h presence
configure:4179: gcc -E  conftest.c
configure:4185: $? = 0
configure:4199: result: yes
configure:4227: checking for dirent.h
configure:4235: result: yes
configure:4123: checking sys/ndir.h usability
configure:4140: gcc -c -g -O2  conftest.c >&5
conftest.c:62:22: error: sys/ndir.h: No such file or directory
configure:4146: $? = 1
configure: failed program was:
| /* confdefs.h.  */
| #define PACKAGE_NAME ""
| #define PACKAGE_TARNAME ""
| #define PACKAGE_VERSION ""
| #define PACKAGE_STRING ""
| #define PACKAGE_BUGREPORT ""
| #define PACKAGE "usbproglogic"
| #define VERSION "0.1.0"
| #define STDC_HEADERS 1
| #define HAVE_SYS_TYPES_H 1
| #define HAVE_SYS_STAT_H 1
| #define HAVE_STDLIB_H 1
| #define HAVE_STRING_H 1
| #define HAVE_MEMORY_H 1
| #define HAVE_STRINGS_H 1
| #define HAVE_INTTYPES_H 1
| #define HAVE_STDINT_H 1
| #define HAVE_UNISTD_H 1
| #define HAVE_UNISTD_H 1
| #define HAVE_SYS_PARAM_H 1
| #define HAVE_SYS_TIME_H 1
| #define HAVE_TIME_H 1
| #define HAVE_SYS_SYSMACROS_H 1
| #define HAVE_STRING_H 1
| #define HAVE_MEMORY_H 1
| #define HAVE_FCNTL_H 1
| #define HAVE_DIRENT_H 1
| /* end confdefs.h.  */
| #include <stdio.h>
| #ifdef HAVE_SYS_TYPES_H
| # include <sys/types.h>
| #endif
| #ifdef HAVE_SYS_STAT_H
| # include <sys/stat.h>
| #endif
| #ifdef STDC_HEADERS
| # include <stdlib.h>
| # include <stddef.h>
| #else
| # ifdef HAVE_STDLIB_H
| #  include <stdlib.h>
| # endif
| #endif
| #ifdef HAVE_STRING_H
| # if !defined STDC_HEADERS && defined HAVE_MEMORY_H
| #  include <memory.h>
| # endif
| # include <string.h>
| #endif
| #ifdef HAVE_STRINGS_H
| # include <strings.h>
| #endif
| #ifdef HAVE_INTTYPES_H
| # include <inttypes.h>
| #endif
| #ifdef HAVE_STDINT_H
| # include <stdint.h>
| #endif
| #ifdef HAVE_UNISTD_H
| # include <unistd.h>
| #endif
| #include <sys/ndir.h>
configure:4160: result: no
configure:4164: checking sys/ndir.h presence
configure:4179: gcc -E  conftest.c
conftest.c:29:22: error: sys/ndir.h: No such file or directory
configure:4185: $? = 1
configure: failed program was:
| /* confdefs.h.  */
| #define PACKAGE_NAME ""
| #define PACKAGE_TARNAME ""
| #define PACKAGE_VERSION ""
| #define PACKAGE_STRING ""
| #define PACKAGE_BUGREPORT ""
| #define PACKAGE "usbproglogic"
| #define VERSION "0.1.0"
| #define STDC_HEADERS 1
| #define HAVE_SYS_TYPES_H 1
| #define HAVE_SYS_STAT_H 1
| #define HAVE_STDLIB_H 1
| #define HAVE_STRING_H 1
| #define HAVE_MEMORY_H 1
| #define HAVE_STRINGS_H 1
| #define HAVE_INTTYPES_H 1
| #define HAVE_STDINT_H 1
| #define HAVE_UNISTD_H 1
| #define HAVE_UNISTD_H 1
| #define HAVE_SYS_PARAM_H 1
| #define HAVE_SYS_TIME_H 1
| #define HAVE_TIME_H 1
| #define HAVE_SYS_SYSMACROS_H 1
| #define HAVE_STRING_H 1
| #define HAVE_MEMORY_H 1
| #define HAVE_FCNTL_H 1
| #define HAVE_DIRENT_H 1
| /* end confdefs.h.  */
| #include <sys/ndir.h>
configure:4199: result: no
configure:4227: checking for sys/ndir.h
configure:4235: result: no
configure:4123: checking ndir.h usability
configure:4140: gcc -c -g -O2  conftest.c >&5
conftest.c:62:18: error: ndir.h: No such file or directory
configure:4146: $? = 1
configure: failed program was:
| /* confdefs.h.  */
| #define PACKAGE_NAME ""
| #define PACKAGE_TARNAME ""
| #define PACKAGE_VERSION ""
| #define PACKAGE_STRING ""
| #define PACKAGE_BUGREPORT ""
| #define PACKAGE "usbproglogic"
| #define VERSION "0.1.0"
| #define STDC_HEADERS 1
| #define HAVE_SYS_TYPES_H 1
| #define HAVE_SYS_STAT_H 1
| #define HAVE_STDLIB_H 1
| #define HAVE_STRING_H 1
| #define HAVE_MEMORY_H 1
| #define HAVE_STRINGS_H 1
| #define HAVE_INTTYPES_H 1
| #define HAVE_STDINT_H 1
| #define HAVE_UNISTD_H 1
| #define HAVE_UNISTD_H 1
| #define HAVE_SYS_PARAM_H 1
| #define HAVE_SYS_TIME_H 1
| #define HAVE_TIME_H 1
| #define HAVE_SYS_SYSMACROS_H 1
| #define HAVE_STRING_H 1
| #define HAVE_MEMORY_H 1
| #define HAVE_FCNTL_H 1
| #define HAVE_DIRENT_H 1
| /* end confdefs.h.  */
| #include <stdio.h>
| #ifdef HAVE_SYS_TYPES_H
| # include <sys/types.h>
| #endif
| #ifdef HAVE_SYS_STAT_H
| # include <sys/stat.h>
| #endif
| #ifdef STDC_HEADERS
| # include <stdlib.h>
| # include <stddef.h>
| #else
| # ifdef HAVE_STDLIB_H
| #  include <stdlib.h>
| # endif
| #endif
| #ifdef HAVE_STRING_H
| # if !defined STDC_HEADERS && defined HAVE_MEMORY_H
| #  include <memory.h>
| # endif
| # include <string.h>
| #endif
| #ifdef HAVE_STRINGS_H
| # include <strings.h>
| #endif
| #ifdef HAVE_INTTYPES_H
| # include <inttypes.h>
| #endif
| #ifdef HAVE_STDINT_H
| # include <stdint.h>
| #endif
| #ifdef HAVE_UNISTD_H
| # include <unistd.h>
| #endif
| #include <ndir.h>
configure:4160: result: no
configure:4164: checking ndir.h presence
configure:4179: gcc -E  conftest.c
conftest.c:29:18: error: ndir.h: No such file or directory
configure:4185: $? = 1
configure: failed program was:
| /* confdefs.h.  */
| #define PACKAGE_NAME ""
| #define PACKAGE_TARNAME ""
| #define PACKAGE_VERSION ""
| #define PACKAGE_STRING ""
| #define PACKAGE_BUGREPORT ""
| #define PACKAGE "usbproglogic"
| #define VERSION "0.1.0"
| #define STDC_HEADERS 1
| #define HAVE_SYS_TYPES_H 1
| #define HAVE_SYS_STAT_H 1
| #define HAVE_STDLIB_H 1
| #define HAVE_STRING_H 1
| #define HAVE_MEMORY_H 1
| #define HAVE_STRINGS_H 1
| #define HAVE_INTTYPES_H 1
| #define HAVE_STDINT_H 1
| #define HAVE_UNISTD_H 1
| #define HAVE_UNISTD_H 1
| #define HAVE_SYS_PARAM_H 1
| #define HAVE_SYS_TIME_H 1
| #define HAVE_TIME_H 1
| #define HAVE_SYS_SYSMACROS_H 1
| #define HAVE_STRING_H 1
| #define HAVE_MEMORY_H 1
| #define HAVE_FCNTL_H 1
| #define HAVE_DIRENT_H 1
| /* end confdefs.h.  */
| #include <ndir.h>
configure:4199: result: no
configure:4227: checking for ndir.h
configure:4235: result: no
configure:4123: checking alloca.h usability
configure:4140: gcc -c -g -O2  conftest.c >&5
configure:4146: $? = 0
configure:4160: result: yes
configure:4164: checking alloca.h presence
configure:4179: gcc -E  conftest.c
configure:4185: $? = 0
configure:4199: result: yes
configure:4227: checking for alloca.h
configure:4235: result: yes
configure:4123: checking locale.h usability
configure:4140: gcc -c -g -O2  conftest.c >&5
configure:4146: $? = 0
configure:4160: result: yes
configure:4164: checking locale.h presence
configure:4179: gcc -E  conftest.c
configure:4185: $? = 0
configure:4199: result: yes
configure:4227: checking for locale.h
configure:4235: result: yes
configure:4249: checking whether time.h and sys/time.h may both be included
configure:4279: gcc -c -g -O2  conftest.c >&5
configure:4285: $? = 0
configure:4300: result: yes
configure:4326: checking utime.h usability
configure:4343: gcc -c -g -O2  conftest.c >&5
configure:4349: $? = 0
configure:4363: result: yes
configure:4367: checking utime.h presence
configure:4382: gcc -E  conftest.c
configure:4388: $? = 0
configure:4402: result: yes
configure:4430: checking for utime.h
configure:4438: result: yes
configure:4452: checking for struct utimbuf
configure:4492: gcc -c -g -O2  conftest.c >&5
configure:4498: $? = 0
configure:4514: result: yes
configure:4525: checking whether sys/types.h defines makedev
configure:4551: gcc -o conftest -g -O2   conftest.c  >&5
configure:4557: $? = 0
configure:4575: result: yes
configure:4854: checking for working alloca.h
configure:4881: gcc -o conftest -g -O2   conftest.c  >&5
configure:4887: $? = 0
configure:4904: result: yes
configure:4914: checking for alloca
configure:4961: gcc -o conftest -g -O2   conftest.c  >&5
configure:4967: $? = 0
configure:4984: result: yes
configure:5211: checking whether struct tm is in sys/time.h or time.h
configure:5241: gcc -c -g -O2  conftest.c >&5
configure:5247: $? = 0
configure:5262: result: time.h
configure:5272: checking for struct stat.st_blocks
configure:5300: gcc -c -g -O2  conftest.c >&5
configure:5306: $? = 0
configure:5363: result: yes
configure:5394: checking for dirent.h that defines DIR
configure:5423: gcc -c -g -O2  conftest.c >&5
configure:5429: $? = 0
configure:5445: result: yes
configure:5458: checking for library containing opendir
configure:5499: gcc -o conftest -g -O2   conftest.c  >&5
configure:5505: $? = 0
configure:5533: result: none required
configure:5627: checking whether closedir returns void
configure:5661: gcc -o conftest -g -O2   conftest.c  >&5
configure:5664: $? = 0
configure:5670: ./conftest
configure:5673: $? = 0
configure:5689: result: no
configure:5703: checking for mkfifo
configure:5759: gcc -o conftest -g -O2   conftest.c  >&5
configure:5765: $? = 0
configure:5783: result: yes
configure:5793: checking for mknod
configure:5849: gcc -o conftest -g -O2   conftest.c  >&5
configure:5855: $? = 0
configure:5872: result: yes
configure:5885: checking argp.h usability
configure:5902: gcc -c -g -O2  conftest.c >&5
configure:5908: $? = 0
configure:5922: result: yes
configure:5926: checking argp.h presence
configure:5941: gcc -E  conftest.c
configure:5947: $? = 0
configure:5961: result: yes
configure:5989: checking for argp.h
configure:5996: result: yes
configure:6128: creating ./config.status

## ---------------------- ##
## Running config.status. ##
## ---------------------- ##

This file was extended by config.status, which was
generated by GNU Autoconf 2.61.  Invocation command line was

  CONFIG_FILES    = 
  CONFIG_HEADERS  = 
  CONFIG_LINKS    = 
  CONFIG_COMMANDS = 
  $ ./config.status 

on big

config.status:645: creating Makefile
config.status:645: creating usbproglogic.lsm
config.status:645: creating usbproglogic.spec
config.status:645: creating config.h
config.status:930: executing depfiles commands

## ---------------- ##
## Cache variables. ##
## ---------------- ##

ac_cv_build=i686-pc-linux-gnu
ac_cv_c_compiler_gnu=yes
ac_cv_env_CC_set=
ac_cv_env_CC_value=
ac_cv_env_CFLAGS_set=
ac_cv_env_CFLAGS_value=
ac_cv_env_CPPFLAGS_set=
ac_cv_env_CPPFLAGS_value=
ac_cv_env_CPP_set=
ac_cv_env_CPP_value=
ac_cv_env_LDFLAGS_set=
ac_cv_env_LDFLAGS_value=
ac_cv_env_LIBS_set=
ac_cv_env_LIBS_value=
ac_cv_env_build_alias_set=
ac_cv_env_build_alias_value=
ac_cv_env_host_alias_set=
ac_cv_env_host_alias_value=
ac_cv_env_target_alias_set=
ac_cv_env_target_alias_value=
ac_cv_func_alloca_works=yes
ac_cv_func_closedir_void=no
ac_cv_func_mkfifo=yes
ac_cv_func_mknod=yes
ac_cv_header_alloca_h=yes
ac_cv_header_argp_h=yes
ac_cv_header_dirent_dirent_h=yes
ac_cv_header_dirent_h=yes
ac_cv_header_fcntl_h=yes
ac_cv_header_inttypes_h=yes
ac_cv_header_locale_h=yes
ac_cv_header_memory_h=yes
ac_cv_header_ndir_h=no
ac_cv_header_stdc=yes
ac_cv_header_stdint_h=yes
ac_cv_header_stdlib_h=yes
ac_cv_header_string_h=yes
ac_cv_header_strings_h=yes
ac_cv_header_sys_mkdev_h=no
ac_cv_header_sys_ndir_h=no
ac_cv_header_sys_param_h=yes
ac_cv_header_sys_stat_h=yes
ac_cv_header_sys_sysmacros_h=yes
ac_cv_header_sys_time_h=yes
ac_cv_header_sys_types_h=yes
ac_cv_header_sys_types_h_makedev=yes
ac_cv_header_time=yes
ac_cv_header_time_h=yes
ac_cv_header_unistd_h=yes
ac_cv_header_utime_h=yes
ac_cv_host=i686-pc-linux-gnu
ac_cv_member_struct_stat_st_blocks=yes
ac_cv_objext=o
ac_cv_path_EGREP='/bin/grep -E'
ac_cv_path_GREP=/bin/grep
ac_cv_path_install='/usr/bin/install -c'
ac_cv_prog_AWK=gawk
ac_cv_prog_CPP='gcc -E'
ac_cv_prog_ac_ct_CC=gcc
ac_cv_prog_cc_c89=
ac_cv_prog_cc_g=yes
ac_cv_prog_make_make_set=yes
ac_cv_search_opendir='none required'
ac_cv_struct_tm=time.h
ac_cv_working_alloca_h=yes
am_cv_CC_dependencies_compiler_type=gcc3
fu_cv_sys_struct_utimbuf=yes

## ----------------- ##
## Output variables. ##
## ----------------- ##

ACLOCAL='${SHELL} /home/bene/projects/usbprog/trunk/usbprogLogic/usbproglogic/missing --run aclocal-1.9'
ALLOCA=''
AMDEPBACKSLASH='\'
AMDEP_FALSE='#'
AMDEP_TRUE=''
AMTAR='${SHELL} /home/bene/projects/usbprog/trunk/usbprogLogic/usbproglogic/missing --run tar'
AUTOCONF='${SHELL} /home/bene/projects/usbprog/trunk/usbprogLogic/usbproglogic/missing --run autoconf'
AUTOHEADER='${SHELL} /home/bene/projects/usbprog/trunk/usbprogLogic/usbproglogic/missing --run autoheader'
AUTOMAKE='${SHELL} /home/bene/projects/usbprog/trunk/usbprogLogic/usbproglogic/missing --run automake-1.9'
AWK='gawk'
CC='gcc'
CCDEPMODE='depmode=gcc3'
CFLAGS='-g -O2'
CPP='gcc -E'
CPPFLAGS=''
CYGPATH_W='echo'
DEFS='-DHAVE_CONFIG_H'
DEPDIR='.deps'
ECHO_C=''
ECHO_N='-n'
ECHO_T=''
EGREP='/bin/grep -E'
EXEEXT=''
GREP='/bin/grep'
INSTALL_DATA='${INSTALL} -m 644'
INSTALL_PROGRAM='${INSTALL}'
INSTALL_SCRIPT='${INSTALL}'
INSTALL_STRIP_PROGRAM='${SHELL} $(install_sh) -c -s'
ISODATE='2008-01-01'
LDFLAGS=''
LIBOBJS=''
LIBS=''
LTLIBOBJS=''
MAKEINFO='${SHELL} /home/bene/projects/usbprog/trunk/usbprogLogic/usbproglogic/missing --run makeinfo'
OBJEXT='o'
PACKAGE='usbproglogic'
PACKAGE_BUGREPORT=''
PACKAGE_NAME=''
PACKAGE_STRING=''
PACKAGE_TARNAME=''
PACKAGE_VERSION=''
PATH_SEPARATOR=':'
SET_MAKE=''
SHELL='/bin/sh'
STRIP=''
VERSION='0.1.0'
ac_ct_CC='gcc'
am__fastdepCC_FALSE='#'
am__fastdepCC_TRUE=''
am__include='include'
am__leading_dot='.'
am__quote=''
am__tar='${AMTAR} chof - "$$tardir"'
am__untar='${AMTAR} xf -'
bindir='${exec_prefix}/bin'
build='i686-pc-linux-gnu'
build_alias=''
build_cpu='i686'
build_os='linux-gnu'
build_vendor='pc'
datadir='${datarootdir}'
datarootdir='${prefix}/share'
docdir='${datarootdir}/doc/${PACKAGE}'
dvidir='${docdir}'
exec_prefix='${prefix}'
host='i686-pc-linux-gnu'
host_alias=''
host_cpu='i686'
host_os='linux-gnu'
host_vendor='pc'
htmldir='${docdir}'
includedir='${prefix}/include'
infodir='${datarootdir}/info'
install_sh='/home/bene/projects/usbprog/trunk/usbprogLogic/usbproglogic/install-sh'
libdir='${exec_prefix}/lib'
libexecdir='${exec_prefix}/libexec'
localedir='${datarootdir}/locale'
localstatedir='${prefix}/var'
mandir='${datarootdir}/man'
mkdir_p='mkdir -p --'
oldincludedir='/usr/include'
pdfdir='${docdir}'
prefix='/usr/local'
program_transform_name='s,x,x,'
psdir='${docdir}'
sbindir='${exec_prefix}/sbin'
sharedstatedir='${prefix}/com'
sysconfdir='${prefix}/etc'
target_alias=''

## ----------- ##
## confdefs.h. ##
## ----------- ##

#define PACKAGE_NAME ""
#define PACKAGE_TARNAME ""
#define PACKAGE_VERSION ""
#define PACKAGE_STRING ""
#define PACKAGE_BUGREPORT ""
#define PACKAGE "usbproglogic"
#define VERSION "0.1.0"
#define STDC_HEADERS 1
#define HAVE_SYS_TYPES_H 1
#define HAVE_SYS_STAT_H 1
#define HAVE_STDLIB_H 1
#define HAVE_STRING_H 1
#define HAVE_MEMORY_H 1
#define HAVE_STRINGS_H 1
#define HAVE_INTTYPES_H 1
#define HAVE_STDINT_H 1
#define HAVE_UNISTD_H 1
#define HAVE_UNISTD_H 1
#define HAVE_SYS_PARAM_H 1
#define HAVE_SYS_TIME_H 1
#define HAVE_TIME_H 1
#define HAVE_SYS_SYSMACROS_H 1
#define HAVE_STRING_H 1
#define HAVE_MEMORY_H 1
#define HAVE_FCNTL_H 1
#define HAVE_DIRENT_H 1
#define HAVE_ALLOCA_H 1
#define HAVE_LOCALE_H 1
#define TIME_WITH_SYS_TIME 1
#define HAVE_UTIME_H 1
#define HAVE_STRUCT_UTIMBUF 1
#define HAVE_ALLOCA_H 1
#define HAVE_ALLOCA 1
#define HAVE_STRUCT_STAT_ST_BLOCKS 1
#define HAVE_ST_BLOCKS 1
#define HAVE_DIRENT_H 1
#define HAVE_MKFIFO 1

configure: exit 0
