This file contains any messages produced by compilers while
running configure, to aid debugging if configure makes a mistake.

It was created by configure, which was
generated by GNU Autoconf 2.60a.  Invocation command line was

  $ ./configure --enable-maintainer-mode

## --------- ##
## Platform. ##
## --------- ##

hostname = big
uname -m = i686
uname -r = 2.6.18.2
uname -s = Linux
uname -v = #3 PREEMPT Sat Nov 11 23:39:02 CET 2006

/usr/bin/uname -p = unknown
/bin/uname -X     = unknown

/bin/arch              = i686
/usr/bin/arch -k       = unknown
/usr/convex/getsysinfo = unknown
/usr/bin/hostinfo      = unknown
/bin/machine           = unknown
/usr/bin/oslevel       = unknown
/bin/universe          = unknown

PATH: /usr/local/bin
PATH: /usr/bin
PATH: /bin
PATH: /usr/bin/X11
PATH: /usr/games


## ----------- ##
## Core tests. ##
## ----------- ##

configure:1752: checking for a BSD-compatible install
configure:1808: result: /usr/bin/install -c
configure:1819: checking whether build environment is sane
configure:1862: result: yes
configure:1877: checking whether make sets $(MAKE)
configure:1898: result: yes
configure:1930: checking for working aclocal-1.4
configure:1937: result: found
configure:1945: checking for working autoconf
configure:1952: result: found
configure:1960: checking for working automake-1.4
configure:1967: result: found
configure:1975: checking for working autoheader
configure:1982: result: found
configure:1990: checking for working makeinfo
configure:2001: result: missing
configure:2011: checking whether to enable maintainer-specific portions of Makefiles
configure:2020: result: yes
configure:2085: checking for gcc
configure:2101: found /usr/bin/gcc
configure:2112: result: gcc
configure:2350: checking for C compiler version
configure:2357: gcc --version >&5
gcc (GCC) 4.1.2 20060901 (prerelease) (Debian 4.1.1-13)
Copyright (C) 2006 Free Software Foundation, Inc.
This is free software; see the source for copying conditions.  There is NO
warranty; not even for MERCHANTABILITY or FITNESS FOR A PARTICULAR PURPOSE.

configure:2360: $? = 0
configure:2367: gcc -v >&5
Using built-in specs.
Target: i486-linux-gnu
Configured with: ../src/configure -v --enable-languages=c,c++,fortran,objc,obj-c++,treelang --prefix=/usr --enable-shared --with-system-zlib --libexecdir=/usr/lib --without-included-gettext --enable-threads=posix --enable-nls --program-suffix=-4.1 --enable-__cxa_atexit --enable-clocale=gnu --enable-libstdcxx-debug --enable-mpfr --with-tune=i686 --enable-checking=release i486-linux-gnu
Thread model: posix
gcc version 4.1.2 20060901 (prerelease) (Debian 4.1.1-13)
configure:2370: $? = 0
configure:2377: gcc -V >&5
gcc: '-V' option must have argument
configure:2380: $? = 1
configure:2403: checking for C compiler default output file name
configure:2430: gcc    conftest.c -lavrupdate -lusb  >&5
configure:2433: $? = 0
configure:2471: result: a.out
configure:2488: checking whether the C compiler works
configure:2498: ./a.out
configure:2501: $? = 0
configure:2518: result: yes
configure:2525: checking whether we are cross compiling
configure:2527: result: no
configure:2530: checking for suffix of executables
configure:2537: gcc -o conftest    conftest.c -lavrupdate -lusb  >&5
configure:2540: $? = 0
configure:2564: result: 
configure:2570: checking for suffix of object files
configure:2596: gcc -c   conftest.c >&5
configure:2599: $? = 0
configure:2622: result: o
configure:2626: checking whether we are using the GNU C compiler
configure:2655: gcc -c   conftest.c >&5
configure:2661: $? = 0
configure:2668: test -z "$ac_c_werror_flag" || test ! -s conftest.err
configure:2671: $? = 0
configure:2678: test -s conftest.o
configure:2681: $? = 0
configure:2695: result: yes
configure:2700: checking whether gcc accepts -g
configure:2730: gcc -c -g  conftest.c >&5
configure:2736: $? = 0
configure:2743: test -z "$ac_c_werror_flag" || test ! -s conftest.err
configure:2746: $? = 0
configure:2753: test -s conftest.o
configure:2756: $? = 0
configure:2886: result: yes
configure:2903: checking for gcc option to accept ISO C89
configure:2977: gcc  -c -g -O2  conftest.c >&5
configure:2983: $? = 0
configure:2990: test -z "$ac_c_werror_flag" || test ! -s conftest.err
configure:2993: $? = 0
configure:3000: test -s conftest.o
configure:3003: $? = 0
configure:3023: result: none needed
configure:3042: checking for library containing strerror
configure:3083: gcc -o conftest -g -O2   conftest.c -lavrupdate -lusb  >&5
configure:3089: $? = 0
configure:3096: test -z "$ac_c_werror_flag" || test ! -s conftest.err
configure:3099: $? = 0
configure:3106: test -s conftest
configure:3109: $? = 0
configure:3133: result: none required
configure:3189: checking for gcc
configure:3216: result: gcc
configure:3454: checking for C compiler version
configure:3461: gcc --version >&5
gcc (GCC) 4.1.2 20060901 (prerelease) (Debian 4.1.1-13)
Copyright (C) 2006 Free Software Foundation, Inc.
This is free software; see the source for copying conditions.  There is NO
warranty; not even for MERCHANTABILITY or FITNESS FOR A PARTICULAR PURPOSE.

configure:3464: $? = 0
configure:3471: gcc -v >&5
Using built-in specs.
Target: i486-linux-gnu
Configured with: ../src/configure -v --enable-languages=c,c++,fortran,objc,obj-c++,treelang --prefix=/usr --enable-shared --with-system-zlib --libexecdir=/usr/lib --without-included-gettext --enable-threads=posix --enable-nls --program-suffix=-4.1 --enable-__cxa_atexit --enable-clocale=gnu --enable-libstdcxx-debug --enable-mpfr --with-tune=i686 --enable-checking=release i486-linux-gnu
Thread model: posix
gcc version 4.1.2 20060901 (prerelease) (Debian 4.1.1-13)
configure:3474: $? = 0
configure:3481: gcc -V >&5
gcc: '-V' option must have argument
configure:3484: $? = 1
configure:3487: checking whether we are using the GNU C compiler
configure:3556: result: yes
configure:3561: checking whether gcc accepts -g
configure:3747: result: yes
configure:3764: checking for gcc option to accept ISO C89
configure:3884: result: none needed
configure:3905: checking for gcc option to accept ANSI C
configure:3972: gcc  -c -g -O2  conftest.c >&5
configure:3978: $? = 0
configure:3985: test -z "$ac_c_werror_flag" || test ! -s conftest.err
configure:3988: $? = 0
configure:3995: test -s conftest.o
configure:3998: $? = 0
configure:4015: result: none needed
configure:4031: checking how to run the C preprocessor
configure:4071: gcc -E  conftest.c
configure:4077: $? = 0
configure:4115: gcc -E  conftest.c
conftest.c:10:28: error: ac_nonexistent.h: No such file or directory
configure:4121: $? = 1
configure: failed program was:
| /* confdefs.h.  */
| #define PACKAGE_NAME ""
| #define PACKAGE_TARNAME ""
| #define PACKAGE_VERSION ""
| #define PACKAGE_STRING ""
| #define PACKAGE_BUGREPORT ""
| #define PACKAGE "avrupdate-gui"
| #define VERSION "0.1"
| /* end confdefs.h.  */
| #include <ac_nonexistent.h>
configure:4161: result: gcc -E
configure:4190: gcc -E  conftest.c
configure:4196: $? = 0
configure:4234: gcc -E  conftest.c
conftest.c:10:28: error: ac_nonexistent.h: No such file or directory
configure:4240: $? = 1
configure: failed program was:
| /* confdefs.h.  */
| #define PACKAGE_NAME ""
| #define PACKAGE_TARNAME ""
| #define PACKAGE_VERSION ""
| #define PACKAGE_STRING ""
| #define PACKAGE_BUGREPORT ""
| #define PACKAGE "avrupdate-gui"
| #define VERSION "0.1"
| /* end confdefs.h.  */
| #include <ac_nonexistent.h>
configure:4285: checking for grep that handles long lines and -e
configure:4359: result: /bin/grep
configure:4364: checking for egrep
configure:4442: result: /bin/grep -E
configure:4447: checking for ANSI C header files
configure:4477: gcc -c -g -O2  conftest.c >&5
configure:4483: $? = 0
configure:4490: test -z "$ac_c_werror_flag" || test ! -s conftest.err
configure:4493: $? = 0
configure:4500: test -s conftest.o
configure:4503: $? = 0
configure:4599: gcc -o conftest -g -O2   conftest.c -lavrupdate -lusb  >&5
configure:4602: $? = 0
configure:4608: ./conftest
configure:4611: $? = 0
configure:4628: result: yes
configure:4689: checking for pkg-config
configure:4707: found /usr/bin/pkg-config
configure:4719: result: /usr/bin/pkg-config
configure:4748: checking pkg-config is at least version 0.9.0
configure:4751: result: yes
configure:4762: checking for PACKAGE
configure:4770: $PKG_CONFIG --exists --print-errors "$pkg_modules"
configure:4773: $? = 0
configure:4788: $PKG_CONFIG --exists --print-errors "$pkg_modules"
configure:4791: $? = 0
configure:4867: result: yes
configure:4897: checking for sys/types.h
configure:4918: gcc -c -g -O2  conftest.c >&5
configure:4924: $? = 0
configure:4931: test -z "$ac_c_werror_flag" || test ! -s conftest.err
configure:4934: $? = 0
configure:4941: test -s conftest.o
configure:4944: $? = 0
configure:4957: result: yes
configure:4897: checking for sys/stat.h
configure:4918: gcc -c -g -O2  conftest.c >&5
configure:4924: $? = 0
configure:4931: test -z "$ac_c_werror_flag" || test ! -s conftest.err
configure:4934: $? = 0
configure:4941: test -s conftest.o
configure:4944: $? = 0
configure:4957: result: yes
configure:4897: checking for stdlib.h
configure:4918: gcc -c -g -O2  conftest.c >&5
configure:4924: $? = 0
configure:4931: test -z "$ac_c_werror_flag" || test ! -s conftest.err
configure:4934: $? = 0
configure:4941: test -s conftest.o
configure:4944: $? = 0
configure:4957: result: yes
configure:4897: checking for string.h
configure:4918: gcc -c -g -O2  conftest.c >&5
configure:4924: $? = 0
configure:4931: test -z "$ac_c_werror_flag" || test ! -s conftest.err
configure:4934: $? = 0
configure:4941: test -s conftest.o
configure:4944: $? = 0
configure:4957: result: yes
configure:4897: checking for memory.h
configure:4918: gcc -c -g -O2  conftest.c >&5
configure:4924: $? = 0
configure:4931: test -z "$ac_c_werror_flag" || test ! -s conftest.err
configure:4934: $? = 0
configure:4941: test -s conftest.o
configure:4944: $? = 0
configure:4957: result: yes
configure:4897: checking for strings.h
configure:4918: gcc -c -g -O2  conftest.c >&5
configure:4924: $? = 0
configure:4931: test -z "$ac_c_werror_flag" || test ! -s conftest.err
configure:4934: $? = 0
configure:4941: test -s conftest.o
configure:4944: $? = 0
configure:4957: result: yes
configure:4897: checking for inttypes.h
configure:4918: gcc -c -g -O2  conftest.c >&5
configure:4924: $? = 0
configure:4931: test -z "$ac_c_werror_flag" || test ! -s conftest.err
configure:4934: $? = 0
configure:4941: test -s conftest.o
configure:4944: $? = 0
configure:4957: result: yes
configure:4897: checking for stdint.h
configure:4918: gcc -c -g -O2  conftest.c >&5
configure:4924: $? = 0
configure:4931: test -z "$ac_c_werror_flag" || test ! -s conftest.err
configure:4934: $? = 0
configure:4941: test -s conftest.o
configure:4944: $? = 0
configure:4957: result: yes
configure:4897: checking for unistd.h
configure:4918: gcc -c -g -O2  conftest.c >&5
configure:4924: $? = 0
configure:4931: test -z "$ac_c_werror_flag" || test ! -s conftest.err
configure:4934: $? = 0
configure:4941: test -s conftest.o
configure:4944: $? = 0
configure:4957: result: yes
configure:4985: checking locale.h usability
configure:5002: gcc -c -g -O2  conftest.c >&5
configure:5008: $? = 0
configure:5015: test -z "$ac_c_werror_flag" || test ! -s conftest.err
configure:5018: $? = 0
configure:5025: test -s conftest.o
configure:5028: $? = 0
configure:5039: result: yes
configure:5043: checking locale.h presence
configure:5058: gcc -E  conftest.c
configure:5064: $? = 0
configure:5085: result: yes
configure:5113: checking for locale.h
configure:5121: result: yes
configure:5135: checking for LC_MESSAGES
configure:5161: gcc -o conftest -g -O2   conftest.c -lavrupdate -lusb  >&5
configure:5167: $? = 0
configure:5174: test -z "$ac_c_werror_flag" || test ! -s conftest.err
configure:5177: $? = 0
configure:5184: test -s conftest
configure:5187: $? = 0
configure:5200: result: yes
configure:5229: checking libintl.h usability
configure:5246: gcc -c -g -O2  conftest.c >&5
configure:5252: $? = 0
configure:5259: test -z "$ac_c_werror_flag" || test ! -s conftest.err
configure:5262: $? = 0
configure:5269: test -s conftest.o
configure:5272: $? = 0
configure:5283: result: yes
configure:5287: checking libintl.h presence
configure:5302: gcc -E  conftest.c
configure:5308: $? = 0
configure:5329: result: yes
configure:5357: checking for libintl.h
configure:5364: result: yes
configure:5375: checking for ngettext in libc
configure:5403: gcc -o conftest -g -O2   conftest.c -lavrupdate -lusb  >&5
configure:5409: $? = 0
configure:5416: test -z "$ac_c_werror_flag" || test ! -s conftest.err
configure:5419: $? = 0
configure:5426: test -s conftest
configure:5429: $? = 0
configure:5443: result: yes
configure:5447: checking for dgettext in libc
configure:5475: gcc -o conftest -g -O2   conftest.c -lavrupdate -lusb  >&5
configure:5481: $? = 0
configure:5488: test -z "$ac_c_werror_flag" || test ! -s conftest.err
configure:5491: $? = 0
configure:5498: test -s conftest
configure:5501: $? = 0
configure:5515: result: yes
configure:5524: checking for bind_textdomain_codeset
configure:5580: gcc -o conftest -g -O2   conftest.c -lavrupdate -lusb  >&5
configure:5586: $? = 0
configure:5593: test -z "$ac_c_werror_flag" || test ! -s conftest.err
configure:5596: $? = 0
configure:5603: test -s conftest
configure:5606: $? = 0
configure:5620: result: yes
configure:6203: checking for msgfmt
configure:6233: result: no
configure:6815: creating ./config.status

## ---------------------- ##
## Running config.status. ##
## ---------------------- ##

This file was extended by config.status, which was
generated by GNU Autoconf 2.60a.  Invocation command line was

  CONFIG_FILES    = 
  CONFIG_HEADERS  = 
  CONFIG_LINKS    = 
  CONFIG_COMMANDS = 
  $ ./config.status 

on big

config.status:627: creating Makefile
config.status:762: WARNING:  Makefile.in seems to ignore the --datarootdir setting
config.status:627: creating src/Makefile
config.status:762: WARNING:  src/Makefile.in seems to ignore the --datarootdir setting
config.status:627: creating po/Makefile.in
config.status:762: WARNING:  po/Makefile.in.in seems to ignore the --datarootdir setting
config.status:627: creating config.h
config.status:852: config.h is unchanged
config.status:865: executing default-1 commands
config.status:865: executing default-2 commands

## ---------------- ##
## Cache variables. ##
## ---------------- ##

ac_cv_c_compiler_gnu=yes
ac_cv_env_CC_set=
ac_cv_env_CC_value=
ac_cv_env_CFLAGS_set=
ac_cv_env_CFLAGS_value=
ac_cv_env_CPPFLAGS_set=
ac_cv_env_CPPFLAGS_value=
ac_cv_env_CPP_set=
ac_cv_env_CPP_value=
ac_cv_env_LDFLAGS_set=
ac_cv_env_LDFLAGS_value=
ac_cv_env_PACKAGE_CFLAGS_set=
ac_cv_env_PACKAGE_CFLAGS_value=
ac_cv_env_PACKAGE_LIBS_set=
ac_cv_env_PACKAGE_LIBS_value=
ac_cv_env_PKG_CONFIG_set=
ac_cv_env_PKG_CONFIG_value=
ac_cv_env_build_alias_set=
ac_cv_env_build_alias_value=
ac_cv_env_host_alias_set=
ac_cv_env_host_alias_value=
ac_cv_env_target_alias_set=
ac_cv_env_target_alias_value=
ac_cv_func_bind_textdomain_codeset=yes
ac_cv_header_inttypes_h=yes
ac_cv_header_libintl_h=yes
ac_cv_header_locale_h=yes
ac_cv_header_memory_h=yes
ac_cv_header_stdc=yes
ac_cv_header_stdint_h=yes
ac_cv_header_stdlib_h=yes
ac_cv_header_string_h=yes
ac_cv_header_strings_h=yes
ac_cv_header_sys_stat_h=yes
ac_cv_header_sys_types_h=yes
ac_cv_header_unistd_h=yes
ac_cv_objext=o
ac_cv_path_EGREP='/bin/grep -E'
ac_cv_path_GREP=/bin/grep
ac_cv_path_MSGFMT=no
ac_cv_path_ac_pt_PKG_CONFIG=/usr/bin/pkg-config
ac_cv_path_install='/usr/bin/install -c'
ac_cv_prog_CPP='gcc -E'
ac_cv_prog_ac_ct_CC=gcc
ac_cv_prog_cc_c89=
ac_cv_prog_cc_g=yes
ac_cv_prog_make_make_set=yes
ac_cv_search_strerror='none required'
am_cv_prog_cc_stdc=
am_cv_val_LC_MESSAGES=yes
gt_cv_func_dgettext_libc=yes
gt_cv_func_dgettext_libintl=no
gt_cv_func_ngettext_libc=yes
gt_cv_have_gettext=no
pkg_cv_PACKAGE_CFLAGS='-I/usr/include/gtk-2.0 -I/usr/lib/gtk-2.0/include -I/usr/include/atk-1.0 -I/usr/include/cairo -I/usr/include/pango-1.0 -I/usr/include/glib-2.0 -I/usr/lib/glib-2.0/include -I/usr/include/freetype2 -I/usr/include/libpng12  '
pkg_cv_PACKAGE_LIBS='-lgtk-x11-2.0 -lgdk-x11-2.0 -latk-1.0 -lgdk_pixbuf-2.0 -lm -lpangocairo-1.0 -lfontconfig -lXext -lXrender -lXinerama -lXi -lXrandr -lXcursor -lXfixes -lpango-1.0 -lcairo -lX11 -lgobject-2.0 -lgmodule-2.0 -ldl -lglib-2.0  '

## ----------------- ##
## Output variables. ##
## ----------------- ##

ACLOCAL='aclocal-1.4'
AUTOCONF='autoconf'
AUTOHEADER='autoheader'
AUTOMAKE='automake-1.4'
CATALOGS=''
CATOBJEXT='NONE'
CC='gcc'
CFLAGS='-g -O2'
CPP='gcc -E'
CPPFLAGS=''
DATADIRNAME=''
DEFS='-DHAVE_CONFIG_H'
ECHO_C=''
ECHO_N='-n'
ECHO_T=''
EGREP='/bin/grep -E'
EXEEXT=''
GETTEXT_PACKAGE='avrupdate-gui'
GMOFILES=''
GMSGFMT=''
GREP='/bin/grep'
INSTALL_DATA='${INSTALL} -m 644'
INSTALL_PROGRAM='${INSTALL}'
INSTALL_SCRIPT='${INSTALL}'
INSTOBJEXT=''
INTLLIBS=''
LDFLAGS=''
LIBOBJS=''
LIBS='-lavrupdate -lusb '
LTLIBOBJS=''
MAINT=''
MAINTAINER_MODE_FALSE='#'
MAINTAINER_MODE_TRUE=''
MAKEINFO='/home/bene/projects/usbprog/trunk/avrupdate/tools/avrupdate-gui/missing makeinfo'
MKINSTALLDIRS='./mkinstalldirs'
MSGFMT='no'
OBJEXT='o'
PACKAGE='avrupdate-gui'
PACKAGE_BUGREPORT=''
PACKAGE_CFLAGS='-I/usr/include/gtk-2.0 -I/usr/lib/gtk-2.0/include -I/usr/include/atk-1.0 -I/usr/include/cairo -I/usr/include/pango-1.0 -I/usr/include/glib-2.0 -I/usr/lib/glib-2.0/include -I/usr/include/freetype2 -I/usr/include/libpng12  '
PACKAGE_LIBS='-lgtk-x11-2.0 -lgdk-x11-2.0 -latk-1.0 -lgdk_pixbuf-2.0 -lm -lpangocairo-1.0 -lfontconfig -lXext -lXrender -lXinerama -lXi -lXrandr -lXcursor -lXfixes -lpango-1.0 -lcairo -lX11 -lgobject-2.0 -lgmodule-2.0 -ldl -lglib-2.0  '
PACKAGE_NAME=''
PACKAGE_STRING=''
PACKAGE_TARNAME=''
PACKAGE_VERSION=''
PATH_SEPARATOR=':'
PKG_CONFIG='/usr/bin/pkg-config'
POFILES=''
POSUB='po'
PO_IN_DATADIR_FALSE=''
PO_IN_DATADIR_TRUE=''
SET_MAKE=''
SHELL='/bin/sh'
USE_NLS='yes'
VERSION='0.1'
XGETTEXT=':'
ac_ct_CC='gcc'
bindir='${exec_prefix}/bin'
build_alias=''
datadir='${datarootdir}'
datarootdir='${prefix}/share'
docdir='${datarootdir}/doc/${PACKAGE}'
dvidir='${docdir}'
exec_prefix='${prefix}'
host_alias=''
htmldir='${docdir}'
includedir='${prefix}/include'
infodir='${datarootdir}/info'
libdir='${exec_prefix}/lib'
libexecdir='${exec_prefix}/libexec'
localedir='${datarootdir}/locale'
localstatedir='${prefix}/var'
mandir='${datarootdir}/man'
oldincludedir='/usr/include'
pdfdir='${docdir}'
prefix='/usr/local'
program_transform_name='s,x,x,'
psdir='${docdir}'
sbindir='${exec_prefix}/sbin'
sharedstatedir='${prefix}/com'
sysconfdir='${prefix}/etc'
target_alias=''

## ----------- ##
## confdefs.h. ##
## ----------- ##

#define PACKAGE_NAME ""
#define PACKAGE_TARNAME ""
#define PACKAGE_VERSION ""
#define PACKAGE_STRING ""
#define PACKAGE_BUGREPORT ""
#define PACKAGE "avrupdate-gui"
#define VERSION "0.1"
#define STDC_HEADERS 1
#define GETTEXT_PACKAGE "avrupdate-gui"
#define HAVE_SYS_TYPES_H 1
#define HAVE_SYS_STAT_H 1
#define HAVE_STDLIB_H 1
#define HAVE_STRING_H 1
#define HAVE_MEMORY_H 1
#define HAVE_STRINGS_H 1
#define HAVE_INTTYPES_H 1
#define HAVE_STDINT_H 1
#define HAVE_UNISTD_H 1
#define HAVE_LOCALE_H 1
#define HAVE_LC_MESSAGES 1
#define HAVE_BIND_TEXTDOMAIN_CODESET 1
#define HAVE_GETTEXT 1

configure: exit 0
